Starting R package installation...
===========================================

Installing CRAN packages...
Package already installed: glmnet 
Package already installed: pROC 
Installing CRAN package: randomForest 
Installing package into ‘/home/runner/work/_temp/Library’
(as ‘lib’ is unspecified)
trying URL 'https://cloud.r-project.org/src/contrib/randomForest_4.7-1.2.tar.gz'
Content type 'application/x-gzip' length 81974 bytes (80 KB)
==================================================
downloaded 80 KB

* installing *source* package ‘randomForest’ ...
** this is package ‘randomForest’ version ‘4.7-1.2’
** package ‘randomForest’ successfully unpacked and MD5 sums checked
** using staged installation
** libs
using C compiler: ‘gcc (Ubuntu 13.3.0-6ubuntu2~24.04) 13.3.0’
using Fortran compiler: ‘GNU Fortran (Ubuntu 13.3.0-6ubuntu2~24.04) 13.3.0’
gcc -std=gnu2x -I"/opt/R/4.5.1/lib/R/include" -DNDEBUG   -I/usr/local/include    -fpic  -g -O2  -c classTree.c -o classTree.o
gcc -std=gnu2x -I"/opt/R/4.5.1/lib/R/include" -DNDEBUG   -I/usr/local/include    -fpic  -g -O2  -c init.c -o init.o
gcc -std=gnu2x -I"/opt/R/4.5.1/lib/R/include" -DNDEBUG   -I/usr/local/include    -fpic  -g -O2  -c regTree.c -o regTree.o
gcc -std=gnu2x -I"/opt/R/4.5.1/lib/R/include" -DNDEBUG   -I/usr/local/include    -fpic  -g -O2  -c regrf.c -o regrf.o
gcc -std=gnu2x -I"/opt/R/4.5.1/lib/R/include" -DNDEBUG   -I/usr/local/include    -fpic  -g -O2  -c rf.c -o rf.o
gfortran  -fpic  -g -O2  -c rfsub.f -o rfsub.o
gcc -std=gnu2x -I"/opt/R/4.5.1/lib/R/include" -DNDEBUG   -I/usr/local/include    -fpic  -g -O2  -c rfutils.c -o rfutils.o
gcc -std=gnu2x -shared -L/opt/R/4.5.1/lib/R/lib -L/usr/local/lib -o randomForest.so classTree.o init.o regTree.o regrf.o rf.o rfsub.o rfutils.o -lgfortran -lm -lquadmath -L/opt/R/4.5.1/lib/R/lib -lR
installing to /home/runner/work/_temp/Library/00LOCK-randomForest/00new/randomForest/libs
** R
** data
** inst
** byte-compile and prepare package for lazy loading
** help
*** installing help indices
** building package indices
** testing if installed package can be loaded from temporary location
** checking absolute paths in shared objects and dynamic libraries
** testing if installed package can be loaded from final location
** testing if installed package keeps a record of temporary installation path
* DONE (randomForest)

The downloaded source packages are in
	‘/tmp/RtmpgZyJ42/downloaded_packages’
Successfully installed: randomForest 

===========================================
Package installation completed!
You can now run your R scripts in this directory.
