Starting R package installation...
===========================================

Installing core Bioconductor dependencies...
Package already installed: AnnotationDbi 
Package already installed: httr2 
Package already installed: BiocFileCache 
Package already installed: curl 
Package already installed: KEGGREST 

Installing CRAN packages...
Package already installed: magrittr 
Package already installed: tidyverse 

Installing Bioconductor packages...
Installing Bioconductor package: RCircos 
'getOption("repos")' replaces Bioconductor standard repositories, see
'help("repositories", package = "BiocManager")' for details.
Replacement repositories:
    CRAN: https://cloud.r-project.org/
Bioconductor version 3.21 (BiocManager 1.30.26), R 4.5.1 (2025-06-13)
Installing package(s) 'RCircos'
trying URL 'https://cloud.r-project.org/src/contrib/RCircos_1.2.2.tar.gz'
Content type 'application/x-gzip' length 1847678 bytes (1.8 MB)
==================================================
downloaded 1.8 MB

* installing *source* package ‘RCircos’ ...
** this is package ‘RCircos’ version ‘1.2.2’
** package ‘RCircos’ successfully unpacked and MD5 sums checked
** using staged installation
** R
** data
** demo
** inst
** byte-compile and prepare package for lazy loading
** help
*** installing help indices
** building package indices
** installing vignettes
** testing if installed package can be loaded from temporary location
** testing if installed package can be loaded from final location
** testing if installed package keeps a record of temporary installation path
* DONE (RCircos)

The downloaded source packages are in
	‘/tmp/Rtmp37j6lR/downloaded_packages’
Successfully installed: RCircos 
Package already installed: TCGAbiolinks 
Package already installed: biomaRt 
Package already installed: rtracklayer 

===========================================
Package installation completed!
You can now run your R scripts in this directory.
