Starting R package installation...
===========================================

Installing CRAN packages...
Package already installed: dplyr 
Package already installed: ggplot2 
Installing CRAN package: goldenrod1 
Installing package into ‘/home/runner/work/_temp/Library’
(as ‘lib’ is unspecified)
Successfully installed: goldenrod1 
Installing CRAN package: gray80 
Installing package into ‘/home/runner/work/_temp/Library’
(as ‘lib’ is unspecified)
Successfully installed: gray80 
Installing CRAN package: powderblue 
Installing package into ‘/home/runner/work/_temp/Library’
(as ‘lib’ is unspecified)
Successfully installed: powderblue 
Installing CRAN package: royalblue4 
Installing package into ‘/home/runner/work/_temp/Library’
(as ‘lib’ is unspecified)
Successfully installed: royalblue4 
Package already installed: scales 
Installing CRAN package: seagreen3 
Installing package into ‘/home/runner/work/_temp/Library’
(as ‘lib’ is unspecified)
Successfully installed: seagreen3 
Installing CRAN package: steelblue 
Installing package into ‘/home/runner/work/_temp/Library’
(as ‘lib’ is unspecified)
Successfully installed: steelblue 
Warning messages:
1: package ‘goldenrod1’ is not available for this version of R

A version of this package for your version of R might be available elsewhere,
see the ideas at
https://cran.r-project.org/doc/manuals/r-patched/R-admin.html#Installing-packages 
2: package ‘gray80’ is not available for this version of R

A version of this package for your version of R might be available elsewhere,
see the ideas at
https://cran.r-project.org/doc/manuals/r-patched/R-admin.html#Installing-packages 
3: package ‘powderblue’ is not available for this version of R

A version of this package for your version of R might be available elsewhere,
see the ideas at
https://cran.r-project.org/doc/manuals/r-patched/R-admin.html#Installing-packages 
4: package ‘royalblue4’ is not available for this version of R

A version of this package for your version of R might be available elsewhere,
see the ideas at
https://cran.r-project.org/doc/manuals/r-patched/R-admin.html#Installing-packages 
5: package ‘seagreen3’ is not available for this version of R

A version of this package for your version of R might be available elsewhere,
see the ideas at
https://cran.r-project.org/doc/manuals/r-patched/R-admin.html#Installing-packages 
6: package ‘steelblue’ is not available for this version of R

A version of this package for your version of R might be available elsewhere,
see the ideas at
https://cran.r-project.org/doc/manuals/r-patched/R-admin.html#Installing-packages 

===========================================
Package installation completed!
You can now run your R scripts in this directory.
