Starting R package installation...
===========================================

Installing basic dependencies...
Package already installed: ggplot2 
Package already installed: magick 
Package already installed: remotes 
Package already installed: devtools 

Installing system dependencies...
Get:1 file:/etc/apt/apt-mirrors.txt Mirrorlist [144 B]
Hit:2 http://azure.archive.ubuntu.com/ubuntu noble InRelease
Hit:3 http://azure.archive.ubuntu.com/ubuntu noble-updates InRelease
Hit:4 http://azure.archive.ubuntu.com/ubuntu noble-backports InRelease
Hit:5 http://azure.archive.ubuntu.com/ubuntu noble-security InRelease
Hit:6 https://packages.microsoft.com/repos/azure-cli noble InRelease
Hit:7 https://packages.microsoft.com/ubuntu/24.04/prod noble InRelease
Reading package lists...
Reading package lists...
Building dependency tree...
Reading state information...
libudunits2-dev is already the newest version (2.2.28-7build1).
libgdal-dev is already the newest version (3.8.4+dfsg-3ubuntu3).
libgeos-dev is already the newest version (3.12.1-3build1).
libproj-dev is already the newest version (9.4.0-1build2).
0 upgraded, 0 newly installed, 0 to remove and 44 not upgraded.

Installing transformr...
Package already installed: transformr 

Installing gridpattern...
Installing CRAN package: gridpattern 
Installing package into ‘/home/runner/work/_temp/Library’
(as ‘lib’ is unspecified)
also installing the dependencies ‘ambient’, ‘aRtsy’

trying URL 'https://cloud.r-project.org/src/contrib/ambient_1.0.2.tar.gz'
trying URL 'https://cloud.r-project.org/src/contrib/aRtsy_1.0.1.tar.gz'
trying URL 'https://cloud.r-project.org/src/contrib/gridpattern_1.3.1.tar.gz'
* installing *source* package ‘ambient’ ...
** this is package ‘ambient’ version ‘1.0.2’
** package ‘ambient’ successfully unpacked and MD5 sums checked
** using staged installation
** libs
using C++ compiler: ‘g++ (Ubuntu 13.3.0-6ubuntu2~24.04) 13.3.0’
using C++11
g++ -std=gnu++11 -I"/opt/R/4.5.1/lib/R/include" -DNDEBUG  -I'/home/runner/work/_temp/Library/cpp11/include' -I/usr/local/include    -fpic  -g -O2   -c FastNoise.cpp -o FastNoise.o
g++ -std=gnu++11 -I"/opt/R/4.5.1/lib/R/include" -DNDEBUG  -I'/home/runner/work/_temp/Library/cpp11/include' -I/usr/local/include    -fpic  -g -O2   -c cpp11.cpp -o cpp11.o
g++ -std=gnu++11 -I"/opt/R/4.5.1/lib/R/include" -DNDEBUG  -I'/home/runner/work/_temp/Library/cpp11/include' -I/usr/local/include    -fpic  -g -O2   -c cubic.cpp -o cubic.o
g++ -std=gnu++11 -I"/opt/R/4.5.1/lib/R/include" -DNDEBUG  -I'/home/runner/work/_temp/Library/cpp11/include' -I/usr/local/include    -fpic  -g -O2   -c perlin.cpp -o perlin.o
g++ -std=gnu++11 -I"/opt/R/4.5.1/lib/R/include" -DNDEBUG  -I'/home/runner/work/_temp/Library/cpp11/include' -I/usr/local/include    -fpic  -g -O2   -c simplex.cpp -o simplex.o
g++ -std=gnu++11 -I"/opt/R/4.5.1/lib/R/include" -DNDEBUG  -I'/home/runner/work/_temp/Library/cpp11/include' -I/usr/local/include    -fpic  -g -O2   -c value.cpp -o value.o
g++ -std=gnu++11 -I"/opt/R/4.5.1/lib/R/include" -DNDEBUG  -I'/home/runner/work/_temp/Library/cpp11/include' -I/usr/local/include    -fpic  -g -O2   -c white.cpp -o white.o
g++ -std=gnu++11 -I"/opt/R/4.5.1/lib/R/include" -DNDEBUG  -I'/home/runner/work/_temp/Library/cpp11/include' -I/usr/local/include    -fpic  -g -O2   -c worley.cpp -o worley.o
g++ -std=gnu++11 -shared -L/opt/R/4.5.1/lib/R/lib -L/usr/local/lib -o ambient.so FastNoise.o cpp11.o cubic.o perlin.o simplex.o value.o white.o worley.o -L/opt/R/4.5.1/lib/R/lib -lR
installing to /home/runner/work/_temp/Library/00LOCK-ambient/00new/ambient/libs
** R
** byte-compile and prepare package for lazy loading
** help
*** installing help indices
*** copying figures
** building package indices
** testing if installed package can be loaded from temporary location
** checking absolute paths in shared objects and dynamic libraries
** testing if installed package can be loaded from final location
** testing if installed package keeps a record of temporary installation path
* DONE (ambient)
* installing *source* package ‘gridpattern’ ...
** this is package ‘gridpattern’ version ‘1.3.1’
** package ‘gridpattern’ successfully unpacked and MD5 sums checked
** using staged installation
** R
** inst
** byte-compile and prepare package for lazy loading
** help
*** installing help indices
*** copying figures
** building package indices
** installing vignettes
** testing if installed package can be loaded from temporary location
** testing if installed package can be loaded from final location
** testing if installed package keeps a record of temporary installation path
* DONE (gridpattern)
* installing *source* package ‘aRtsy’ ...
** this is package ‘aRtsy’ version ‘1.0.1’
** package ‘aRtsy’ successfully unpacked and MD5 sums checked
** using staged installation
** libs
using C++ compiler: ‘g++ (Ubuntu 13.3.0-6ubuntu2~24.04) 13.3.0’
g++ -std=gnu++17 -I"/opt/R/4.5.1/lib/R/include" -DNDEBUG  -I'/home/runner/work/_temp/Library/Rcpp/include' -I'/home/runner/work/_temp/Library/RcppArmadillo/include' -I/usr/local/include    -fpic  -g -O2   -c RcppExports.cpp -o RcppExports.o
g++ -std=gnu++17 -I"/opt/R/4.5.1/lib/R/include" -DNDEBUG  -I'/home/runner/work/_temp/Library/Rcpp/include' -I'/home/runner/work/_temp/Library/RcppArmadillo/include' -I/usr/local/include    -fpic  -g -O2   -c canvas_ant.cpp -o canvas_ant.o
g++ -std=gnu++17 -I"/opt/R/4.5.1/lib/R/include" -DNDEBUG  -I'/home/runner/work/_temp/Library/Rcpp/include' -I'/home/runner/work/_temp/Library/RcppArmadillo/include' -I/usr/local/include    -fpic  -g -O2   -c canvas_chladni.cpp -o canvas_chladni.o
g++ -std=gnu++17 -I"/opt/R/4.5.1/lib/R/include" -DNDEBUG  -I'/home/runner/work/_temp/Library/Rcpp/include' -I'/home/runner/work/_temp/Library/RcppArmadillo/include' -I/usr/local/include    -fpic  -g -O2   -c canvas_circlemap.cpp -o canvas_circlemap.o
g++ -std=gnu++17 -I"/opt/R/4.5.1/lib/R/include" -DNDEBUG  -I'/home/runner/work/_temp/Library/Rcpp/include' -I'/home/runner/work/_temp/Library/RcppArmadillo/include' -I/usr/local/include    -fpic  -g -O2   -c canvas_collatz.cpp -o canvas_collatz.o
g++ -std=gnu++17 -I"/opt/R/4.5.1/lib/R/include" -DNDEBUG  -I'/home/runner/work/_temp/Library/Rcpp/include' -I'/home/runner/work/_temp/Library/RcppArmadillo/include' -I/usr/local/include    -fpic  -g -O2   -c canvas_flame.cpp -o canvas_flame.o
g++ -std=gnu++17 -I"/opt/R/4.5.1/lib/R/include" -DNDEBUG  -I'/home/runner/work/_temp/Library/Rcpp/include' -I'/home/runner/work/_temp/Library/RcppArmadillo/include' -I/usr/local/include    -fpic  -g -O2   -c canvas_flow.cpp -o canvas_flow.o
g++ -std=gnu++17 -I"/opt/R/4.5.1/lib/R/include" -DNDEBUG  -I'/home/runner/work/_temp/Library/Rcpp/include' -I'/home/runner/work/_temp/Library/RcppArmadillo/include' -I/usr/local/include    -fpic  -g -O2   -c canvas_maze.cpp -o canvas_maze.o
g++ -std=gnu++17 -I"/opt/R/4.5.1/lib/R/include" -DNDEBUG  -I'/home/runner/work/_temp/Library/Rcpp/include' -I'/home/runner/work/_temp/Library/RcppArmadillo/include' -I/usr/local/include    -fpic  -g -O2   -c canvas_mesh.cpp -o canvas_mesh.o
g++ -std=gnu++17 -I"/opt/R/4.5.1/lib/R/include" -DNDEBUG  -I'/home/runner/work/_temp/Library/Rcpp/include' -I'/home/runner/work/_temp/Library/RcppArmadillo/include' -I/usr/local/include    -fpic  -g -O2   -c canvas_petri.cpp -o canvas_petri.o
g++ -std=gnu++17 -I"/opt/R/4.5.1/lib/R/include" -DNDEBUG  -I'/home/runner/work/_temp/Library/Rcpp/include' -I'/home/runner/work/_temp/Library/RcppArmadillo/include' -I/usr/local/include    -fpic  -g -O2   -c canvas_phyllotaxis.cpp -o canvas_phyllotaxis.o
g++ -std=gnu++17 -I"/opt/R/4.5.1/lib/R/include" -DNDEBUG  -I'/home/runner/work/_temp/Library/Rcpp/include' -I'/home/runner/work/_temp/Library/RcppArmadillo/include' -I/usr/local/include    -fpic  -g -O2   -c canvas_planet.cpp -o canvas_planet.o
g++ -std=gnu++17 -I"/opt/R/4.5.1/lib/R/include" -DNDEBUG  -I'/home/runner/work/_temp/Library/Rcpp/include' -I'/home/runner/work/_temp/Library/RcppArmadillo/include' -I/usr/local/include    -fpic  -g -O2   -c canvas_polylines.cpp -o canvas_polylines.o
g++ -std=gnu++17 -I"/opt/R/4.5.1/lib/R/include" -DNDEBUG  -I'/home/runner/work/_temp/Library/Rcpp/include' -I'/home/runner/work/_temp/Library/RcppArmadillo/include' -I/usr/local/include    -fpic  -g -O2   -c canvas_recaman.cpp -o canvas_recaman.o
g++ -std=gnu++17 -I"/opt/R/4.5.1/lib/R/include" -DNDEBUG  -I'/home/runner/work/_temp/Library/Rcpp/include' -I'/home/runner/work/_temp/Library/RcppArmadillo/include' -I/usr/local/include    -fpic  -g -O2   -c canvas_slime.cpp -o canvas_slime.o
g++ -std=gnu++17 -I"/opt/R/4.5.1/lib/R/include" -DNDEBUG  -I'/home/runner/work/_temp/Library/Rcpp/include' -I'/home/runner/work/_temp/Library/RcppArmadillo/include' -I/usr/local/include    -fpic  -g -O2   -c canvas_smoke.cpp -o canvas_smoke.o
g++ -std=gnu++17 -I"/opt/R/4.5.1/lib/R/include" -DNDEBUG  -I'/home/runner/work/_temp/Library/Rcpp/include' -I'/home/runner/work/_temp/Library/RcppArmadillo/include' -I/usr/local/include    -fpic  -g -O2   -c canvas_splits.cpp -o canvas_splits.o
g++ -std=gnu++17 -I"/opt/R/4.5.1/lib/R/include" -DNDEBUG  -I'/home/runner/work/_temp/Library/Rcpp/include' -I'/home/runner/work/_temp/Library/RcppArmadillo/include' -I/usr/local/include    -fpic  -g -O2   -c canvas_squares.cpp -o canvas_squares.o
g++ -std=gnu++17 -I"/opt/R/4.5.1/lib/R/include" -DNDEBUG  -I'/home/runner/work/_temp/Library/Rcpp/include' -I'/home/runner/work/_temp/Library/RcppArmadillo/include' -I/usr/local/include    -fpic  -g -O2   -c canvas_strokes.cpp -o canvas_strokes.o
g++ -std=gnu++17 -I"/opt/R/4.5.1/lib/R/include" -DNDEBUG  -I'/home/runner/work/_temp/Library/Rcpp/include' -I'/home/runner/work/_temp/Library/RcppArmadillo/include' -I/usr/local/include    -fpic  -g -O2   -c canvas_swirls.cpp -o canvas_swirls.o
g++ -std=gnu++17 -I"/opt/R/4.5.1/lib/R/include" -DNDEBUG  -I'/home/runner/work/_temp/Library/Rcpp/include' -I'/home/runner/work/_temp/Library/RcppArmadillo/include' -I/usr/local/include    -fpic  -g -O2   -c canvas_tiles.cpp -o canvas_tiles.o
g++ -std=gnu++17 -I"/opt/R/4.5.1/lib/R/include" -DNDEBUG  -I'/home/runner/work/_temp/Library/Rcpp/include' -I'/home/runner/work/_temp/Library/RcppArmadillo/include' -I/usr/local/include    -fpic  -g -O2   -c canvas_turmite.cpp -o canvas_turmite.o
g++ -std=gnu++17 -I"/opt/R/4.5.1/lib/R/include" -DNDEBUG  -I'/home/runner/work/_temp/Library/Rcpp/include' -I'/home/runner/work/_temp/Library/RcppArmadillo/include' -I/usr/local/include    -fpic  -g -O2   -c canvas_watercolors.cpp -o canvas_watercolors.o
g++ -std=gnu++17 -I"/opt/R/4.5.1/lib/R/include" -DNDEBUG  -I'/home/runner/work/_temp/Library/Rcpp/include' -I'/home/runner/work/_temp/Library/RcppArmadillo/include' -I/usr/local/include    -fpic  -g -O2   -c noise.cpp -o noise.o
g++ -std=gnu++17 -shared -L/opt/R/4.5.1/lib/R/lib -L/usr/local/lib -o aRtsy.so RcppExports.o canvas_ant.o canvas_chladni.o canvas_circlemap.o canvas_collatz.o canvas_flame.o canvas_flow.o canvas_maze.o canvas_mesh.o canvas_petri.o canvas_phyllotaxis.o canvas_planet.o canvas_polylines.o canvas_recaman.o canvas_slime.o canvas_smoke.o canvas_splits.o canvas_squares.o canvas_strokes.o canvas_swirls.o canvas_tiles.o canvas_turmite.o canvas_watercolors.o noise.o -L/opt/R/4.5.1/lib/R/lib -lR
installing to /home/runner/work/_temp/Library/00LOCK-aRtsy/00new/aRtsy/libs
** R
** inst
** byte-compile and prepare package for lazy loading
** help
*** installing help indices
*** copying figures
** building package indices
** testing if installed package can be loaded from temporary location
** checking absolute paths in shared objects and dynamic libraries
** testing if installed package can be loaded from final location
** testing if installed package keeps a record of temporary installation path
* DONE (aRtsy)

The downloaded source packages are in
	‘/tmp/Rtmp2IkU7F/downloaded_packages’
Successfully installed: gridpattern 

Installing ggpattern...
Installing CRAN package: ggpattern 
Installing package into ‘/home/runner/work/_temp/Library’
(as ‘lib’ is unspecified)
trying URL 'https://cloud.r-project.org/src/contrib/ggpattern_1.2.1.tar.gz'
Content type 'application/x-gzip' length 3103493 bytes (3.0 MB)
==================================================
downloaded 3.0 MB

* installing *source* package ‘ggpattern’ ...
** this is package ‘ggpattern’ version ‘1.2.1’
** package ‘ggpattern’ successfully unpacked and MD5 sums checked
** using staged installation
** R
** inst
** byte-compile and prepare package for lazy loading
** help
*** installing help indices
*** copying figures
** building package indices
** installing vignettes
** testing if installed package can be loaded from temporary location
** testing if installed package can be loaded from final location
** testing if installed package keeps a record of temporary installation path
* DONE (ggpattern)

The downloaded source packages are in
	‘/tmp/Rtmp2IkU7F/downloaded_packages’
Successfully installed: ggpattern 

Installing gganimate...
Package already installed: gganimate 

===========================================
Verifying package installation...
✓ transformr is installed
✓ gridpattern is installed
✓ ggpattern is installed
✓ gganimate is installed

Package installation completed!
You can now run your R scripts in this directory.

Testing ggpattern package...
✓ ggpattern loaded successfully!
