trying URL 'https://cloud.r-project.org/src/contrib/plsRcox_1.8.0.tar.gz'
Content type 'application/x-gzip' length 1985588 bytes (1.9 MB)
==================================================
downloaded 1.9 MB

* installing *source* package ‘plsRcox’ ...
** this is package ‘plsRcox’ version ‘1.8.0’
** package ‘plsRcox’ successfully unpacked and MD5 sums checked
** using staged installation
** R
** data
** inst
** byte-compile and prepare package for lazy loading
** help
*** installing help indices
*** copying figures
** building package indices
** testing if installed package can be loaded from temporary location
** testing if installed package can be loaded from final location
** testing if installed package keeps a record of temporary installation path
* DONE (plsRcox)

The downloaded source packages are in
	'/tmp/Rtmpjo25c8/downloaded_packages'
Error in `library()`:
! there is no package called 'gbm'
Backtrace:
    ▆
 1. └─base::library(gbm)

Quitting from FigureYa293Plus_BinaryClassificationML.Rmd:61-117 [unnamed-chunk-1]
Execution halted
