INFO [2025-09-22 06:13:40] [[1]]
INFO [2025-09-22 06:13:40] list(LASSO = lasso_fea, SVM_RFE = as.character(top.features[1:which.min(errors), 
INFO [2025-09-22 06:13:40]     "FeatureName"]))
INFO [2025-09-22 06:13:40] 
INFO [2025-09-22 06:13:40] [[2]]
INFO [2025-09-22 06:13:40] NULL
INFO [2025-09-22 06:13:40] 
INFO [2025-09-22 06:13:40] $fill
INFO [2025-09-22 06:13:40] c("#E31A1C", "#E7B800")
INFO [2025-09-22 06:13:40] 
INFO [2025-09-22 06:13:40] $alpha
INFO [2025-09-22 06:13:40] c(0.5, 0.5)
INFO [2025-09-22 06:13:40] 
INFO [2025-09-22 06:13:40] $cex
INFO [2025-09-22 06:13:40] [1] 4
INFO [2025-09-22 06:13:40] 
INFO [2025-09-22 06:13:40] $cat.fontface
INFO [2025-09-22 06:13:40] [1] 3
INFO [2025-09-22 06:13:40] 
INFO [2025-09-22 06:13:40] $category.names
INFO [2025-09-22 06:13:40] c("LASSO", "SVM_RFE")
INFO [2025-09-22 06:13:40] 
INFO [2025-09-22 06:13:40] $main
INFO [2025-09-22 06:13:40] [1] "Overlap"
INFO [2025-09-22 06:13:40] 
