INFO [2019-01-07 00:10:41] [[1]]
INFO [2019-01-07 00:10:41] list(LASSO = lasso_fea, SVM_RFE = as.character(top.features[1:which.min(errors), 
INFO [2019-01-07 00:10:41]     "FeatureName"]))
INFO [2019-01-07 00:10:41] 
INFO [2019-01-07 00:10:41] [[2]]
INFO [2019-01-07 00:10:41] NULL
INFO [2019-01-07 00:10:41] 
INFO [2019-01-07 00:10:41] $fill
INFO [2019-01-07 00:10:41] c("#E31A1C", "#E7B800")
INFO [2019-01-07 00:10:41] 
INFO [2019-01-07 00:10:41] $alpha
INFO [2019-01-07 00:10:41] c(0.5, 0.5)
INFO [2019-01-07 00:10:41] 
INFO [2019-01-07 00:10:41] $cex
INFO [2019-01-07 00:10:41] [1] 4
INFO [2019-01-07 00:10:41] 
INFO [2019-01-07 00:10:41] $cat.fontface
INFO [2019-01-07 00:10:41] [1] 3
INFO [2019-01-07 00:10:41] 
INFO [2019-01-07 00:10:41] $category.names
INFO [2019-01-07 00:10:41] c("LASSO", "SVM_RFE")
INFO [2019-01-07 00:10:41] 
INFO [2019-01-07 00:10:41] $main
INFO [2019-01-07 00:10:41] [1] "Overlap"
INFO [2019-01-07 00:10:41] 
