INFO [2019-01-07 00:08:49] [[1]]
INFO [2019-01-07 00:08:49] list(LASSO = lasso_fea, SVM_RFE = as.character(top.features[1:which.min(errors), 
INFO [2019-01-07 00:08:49]     "FeatureName"]))
INFO [2019-01-07 00:08:49] 
INFO [2019-01-07 00:08:49] [[2]]
INFO [2019-01-07 00:08:49] NULL
INFO [2019-01-07 00:08:49] 
INFO [2019-01-07 00:08:49] $fill
INFO [2019-01-07 00:08:49] c("#E31A1C", "#E7B800")
INFO [2019-01-07 00:08:49] 
INFO [2019-01-07 00:08:49] $alpha
INFO [2019-01-07 00:08:49] c(0.5, 0.5)
INFO [2019-01-07 00:08:49] 
INFO [2019-01-07 00:08:49] $cex
INFO [2019-01-07 00:08:49] [1] 4
INFO [2019-01-07 00:08:49] 
INFO [2019-01-07 00:08:49] $cat.fontface
INFO [2019-01-07 00:08:49] [1] 3
INFO [2019-01-07 00:08:49] 
INFO [2019-01-07 00:08:49] $category.names
INFO [2019-01-07 00:08:49] c("LASSO", "SVM_RFE")
INFO [2019-01-07 00:08:49] 
INFO [2019-01-07 00:08:49] $main
INFO [2019-01-07 00:08:49] [1] "Overlap"
INFO [2019-01-07 00:08:49] 
