INFO [2025-09-20 18:02:43] [[1]]
INFO [2025-09-20 18:02:43] list(LASSO = lasso_fea, SVM_RFE = as.character(top.features[1:which.min(errors), 
INFO [2025-09-20 18:02:43]     "FeatureName"]))
INFO [2025-09-20 18:02:43] 
INFO [2025-09-20 18:02:43] [[2]]
INFO [2025-09-20 18:02:43] NULL
INFO [2025-09-20 18:02:43] 
INFO [2025-09-20 18:02:43] $fill
INFO [2025-09-20 18:02:43] c("#E31A1C", "#E7B800")
INFO [2025-09-20 18:02:43] 
INFO [2025-09-20 18:02:43] $alpha
INFO [2025-09-20 18:02:43] c(0.5, 0.5)
INFO [2025-09-20 18:02:43] 
INFO [2025-09-20 18:02:43] $cex
INFO [2025-09-20 18:02:43] [1] 4
INFO [2025-09-20 18:02:43] 
INFO [2025-09-20 18:02:43] $cat.fontface
INFO [2025-09-20 18:02:43] [1] 3
INFO [2025-09-20 18:02:43] 
INFO [2025-09-20 18:02:43] $category.names
INFO [2025-09-20 18:02:43] c("LASSO", "SVM_RFE")
INFO [2025-09-20 18:02:43] 
INFO [2025-09-20 18:02:43] $main
INFO [2025-09-20 18:02:43] [1] "Overlap"
INFO [2025-09-20 18:02:43] 
