INFO [2019-01-07 00:03:56] [[1]]
INFO [2019-01-07 00:03:56] list(LASSO = lasso_fea, SVM_RFE = as.character(top.features[1:which.min(errors), 
INFO [2019-01-07 00:03:56]     "FeatureName"]))
INFO [2019-01-07 00:03:56] 
INFO [2019-01-07 00:03:56] [[2]]
INFO [2019-01-07 00:03:56] NULL
INFO [2019-01-07 00:03:56] 
INFO [2019-01-07 00:03:56] $fill
INFO [2019-01-07 00:03:56] c("#E31A1C", "#E7B800")
INFO [2019-01-07 00:03:56] 
INFO [2019-01-07 00:03:56] $alpha
INFO [2019-01-07 00:03:56] c(0.5, 0.5)
INFO [2019-01-07 00:03:56] 
INFO [2019-01-07 00:03:56] $cex
INFO [2019-01-07 00:03:56] [1] 4
INFO [2019-01-07 00:03:56] 
INFO [2019-01-07 00:03:56] $cat.fontface
INFO [2019-01-07 00:03:56] [1] 3
INFO [2019-01-07 00:03:56] 
INFO [2019-01-07 00:03:56] $category.names
INFO [2019-01-07 00:03:56] c("LASSO", "SVM_RFE")
INFO [2019-01-07 00:03:56] 
INFO [2019-01-07 00:03:56] $main
INFO [2019-01-07 00:03:56] [1] "Overlap"
INFO [2019-01-07 00:03:56] 
