INFO [2019-01-07 00:02:03] [[1]]
INFO [2019-01-07 00:02:03] list(LASSO = lasso_fea, SVM_RFE = as.character(top.features[1:which.min(errors), 
INFO [2019-01-07 00:02:03]     "FeatureName"]))
INFO [2019-01-07 00:02:03] 
INFO [2019-01-07 00:02:03] [[2]]
INFO [2019-01-07 00:02:03] NULL
INFO [2019-01-07 00:02:03] 
INFO [2019-01-07 00:02:03] $fill
INFO [2019-01-07 00:02:03] c("#E31A1C", "#E7B800")
INFO [2019-01-07 00:02:03] 
INFO [2019-01-07 00:02:03] $alpha
INFO [2019-01-07 00:02:03] c(0.5, 0.5)
INFO [2019-01-07 00:02:03] 
INFO [2019-01-07 00:02:03] $cex
INFO [2019-01-07 00:02:03] [1] 4
INFO [2019-01-07 00:02:03] 
INFO [2019-01-07 00:02:03] $cat.fontface
INFO [2019-01-07 00:02:03] [1] 3
INFO [2019-01-07 00:02:03] 
INFO [2019-01-07 00:02:03] $category.names
INFO [2019-01-07 00:02:03] c("LASSO", "SVM_RFE")
INFO [2019-01-07 00:02:03] 
INFO [2019-01-07 00:02:03] $main
INFO [2019-01-07 00:02:03] [1] "Overlap"
INFO [2019-01-07 00:02:03] 
