Starting R package installation...
===========================================

Installing CRAN packages...
Package already installed: Boruta 
Installing CRAN package: Ckmeans.1d.dp 
Installing package into ‘/home/runner/work/_temp/Library’
(as ‘lib’ is unspecified)
trying URL 'https://cloud.r-project.org/src/contrib/Ckmeans.1d.dp_4.3.5.tar.gz'
Content type 'application/x-gzip' length 534981 bytes (522 KB)
==================================================
downloaded 522 KB

* installing *source* package ‘Ckmeans.1d.dp’ ...
** this is package ‘Ckmeans.1d.dp’ version ‘4.3.5’
** package ‘Ckmeans.1d.dp’ successfully unpacked and MD5 sums checked
** using staged installation
** libs
using C++ compiler: ‘g++ (Ubuntu 13.3.0-6ubuntu2~24.04) 13.3.0’
g++ -std=gnu++17 -I"/opt/R/4.5.1/lib/R/include" -DNDEBUG  -I'/home/runner/work/_temp/Library/Rcpp/include' -I/usr/local/include    -fpic  -g -O2   -c Ckmeans.1d.dp.cpp -o Ckmeans.1d.dp.o
g++ -std=gnu++17 -I"/opt/R/4.5.1/lib/R/include" -DNDEBUG  -I'/home/runner/work/_temp/Library/Rcpp/include' -I/usr/local/include    -fpic  -g -O2   -c Ckmeans.1d.dp_main.cpp -o Ckmeans.1d.dp_main.o
g++ -std=gnu++17 -I"/opt/R/4.5.1/lib/R/include" -DNDEBUG  -I'/home/runner/work/_temp/Library/Rcpp/include' -I/usr/local/include    -fpic  -g -O2   -c EWL2_dynamic_prog.cpp -o EWL2_dynamic_prog.o
g++ -std=gnu++17 -I"/opt/R/4.5.1/lib/R/include" -DNDEBUG  -I'/home/runner/work/_temp/Library/Rcpp/include' -I/usr/local/include    -fpic  -g -O2   -c EWL2_fill_SMAWK.cpp -o EWL2_fill_SMAWK.o
g++ -std=gnu++17 -I"/opt/R/4.5.1/lib/R/include" -DNDEBUG  -I'/home/runner/work/_temp/Library/Rcpp/include' -I/usr/local/include    -fpic  -g -O2   -c EWL2_fill_log_linear.cpp -o EWL2_fill_log_linear.o
g++ -std=gnu++17 -I"/opt/R/4.5.1/lib/R/include" -DNDEBUG  -I'/home/runner/work/_temp/Library/Rcpp/include' -I/usr/local/include    -fpic  -g -O2   -c EWL2_fill_quadratic.cpp -o EWL2_fill_quadratic.o
g++ -std=gnu++17 -I"/opt/R/4.5.1/lib/R/include" -DNDEBUG  -I'/home/runner/work/_temp/Library/Rcpp/include' -I/usr/local/include    -fpic  -g -O2   -c MCW_fill_SMAWK.cpp -o MCW_fill_SMAWK.o
g++ -std=gnu++17 -I"/opt/R/4.5.1/lib/R/include" -DNDEBUG  -I'/home/runner/work/_temp/Library/Rcpp/include' -I/usr/local/include    -fpic  -g -O2   -c MCW_functions.cpp -o MCW_functions.o
g++ -std=gnu++17 -I"/opt/R/4.5.1/lib/R/include" -DNDEBUG  -I'/home/runner/work/_temp/Library/Rcpp/include' -I/usr/local/include    -fpic  -g -O2   -c MCW_main.cpp -o MCW_main.o
g++ -std=gnu++17 -I"/opt/R/4.5.1/lib/R/include" -DNDEBUG  -I'/home/runner/work/_temp/Library/Rcpp/include' -I/usr/local/include    -fpic  -g -O2   -c RcppExports.cpp -o RcppExports.o
g++ -std=gnu++17 -I"/opt/R/4.5.1/lib/R/include" -DNDEBUG  -I'/home/runner/work/_temp/Library/Rcpp/include' -I/usr/local/include    -fpic  -g -O2   -c dynamic_prog.cpp -o dynamic_prog.o
g++ -std=gnu++17 -I"/opt/R/4.5.1/lib/R/include" -DNDEBUG  -I'/home/runner/work/_temp/Library/Rcpp/include' -I/usr/local/include    -fpic  -g -O2   -c fill_SMAWK.cpp -o fill_SMAWK.o
g++ -std=gnu++17 -I"/opt/R/4.5.1/lib/R/include" -DNDEBUG  -I'/home/runner/work/_temp/Library/Rcpp/include' -I/usr/local/include    -fpic  -g -O2   -c fill_log_linear.cpp -o fill_log_linear.o
g++ -std=gnu++17 -I"/opt/R/4.5.1/lib/R/include" -DNDEBUG  -I'/home/runner/work/_temp/Library/Rcpp/include' -I/usr/local/include    -fpic  -g -O2   -c fill_quadratic.cpp -o fill_quadratic.o
g++ -std=gnu++17 -I"/opt/R/4.5.1/lib/R/include" -DNDEBUG  -I'/home/runner/work/_temp/Library/Rcpp/include' -I/usr/local/include    -fpic  -g -O2   -c select_levels.cpp -o select_levels.o
g++ -std=gnu++17 -I"/opt/R/4.5.1/lib/R/include" -DNDEBUG  -I'/home/runner/work/_temp/Library/Rcpp/include' -I/usr/local/include    -fpic  -g -O2   -c weighted_select_levels.cpp -o weighted_select_levels.o
g++ -std=gnu++17 -shared -L/opt/R/4.5.1/lib/R/lib -L/usr/local/lib -o Ckmeans.1d.dp.so Ckmeans.1d.dp.o Ckmeans.1d.dp_main.o EWL2_dynamic_prog.o EWL2_fill_SMAWK.o EWL2_fill_log_linear.o EWL2_fill_quadratic.o MCW_fill_SMAWK.o MCW_functions.o MCW_main.o RcppExports.o dynamic_prog.o fill_SMAWK.o fill_log_linear.o fill_quadratic.o select_levels.o weighted_select_levels.o -L/opt/R/4.5.1/lib/R/lib -lR
installing to /home/runner/work/_temp/Library/00LOCK-Ckmeans.1d.dp/00new/Ckmeans.1d.dp/libs
** R
** inst
** byte-compile and prepare package for lazy loading
** help
*** installing help indices
** building package indices
** installing vignettes
** testing if installed package can be loaded from temporary location
** checking absolute paths in shared objects and dynamic libraries
** testing if installed package can be loaded from final location
** testing if installed package keeps a record of temporary installation path
* DONE (Ckmeans.1d.dp)

The downloaded source packages are in
	‘/tmp/Rtmpfq05RN/downloaded_packages’
Successfully installed: Ckmeans.1d.dp 
Package already installed: Matrix 
Package already installed: mlbench 
Package already installed: randomForest 
Package already installed: xgboost 

===========================================
Package installation completed!
You can now run your R scripts in this directory.
