Starting R package installation...
===========================================

Installing CRAN packages...
Installing CRAN package: all_dsDMR.bed 
Installing package into ‘/home/runner/work/_temp/Library’
(as ‘lib’ is unspecified)
Successfully installed: all_dsDMR.bed 
Installing CRAN package: fish.phastCons8way.bw 
Installing package into ‘/home/runner/work/_temp/Library’
(as ‘lib’ is unspecified)
Successfully installed: fish.phastCons8way.bw 
Installing CRAN package: indianred3 
Installing package into ‘/home/runner/work/_temp/Library’
(as ‘lib’ is unspecified)
Successfully installed: indianred3 
Installing CRAN package: non_exon_dsDMR.bed 
Installing package into ‘/home/runner/work/_temp/Library’
(as ‘lib’ is unspecified)
Successfully installed: non_exon_dsDMR.bed 
Installing CRAN package: random.bed 
Installing package into ‘/home/runner/work/_temp/Library’
(as ‘lib’ is unspecified)
Successfully installed: random.bed 
Warning messages:
1: package ‘all_dsDMR.bed’ is not available for this version of R

A version of this package for your version of R might be available elsewhere,
see the ideas at
https://cran.r-project.org/doc/manuals/r-patched/R-admin.html#Installing-packages 
2: package ‘fish.phastCons8way.bw’ is not available for this version of R

A version of this package for your version of R might be available elsewhere,
see the ideas at
https://cran.r-project.org/doc/manuals/r-patched/R-admin.html#Installing-packages 
3: package ‘indianred3’ is not available for this version of R

A version of this package for your version of R might be available elsewhere,
see the ideas at
https://cran.r-project.org/doc/manuals/r-patched/R-admin.html#Installing-packages 
4: package ‘non_exon_dsDMR.bed’ is not available for this version of R

A version of this package for your version of R might be available elsewhere,
see the ideas at
https://cran.r-project.org/doc/manuals/r-patched/R-admin.html#Installing-packages 
5: package ‘random.bed’ is not available for this version of R

A version of this package for your version of R might be available elsewhere,
see the ideas at
https://cran.r-project.org/doc/manuals/r-patched/R-admin.html#Installing-packages 

===========================================
Package installation completed!
You can now run your R scripts in this directory.
