Starting R package installation...
===========================================

Installing CRAN packages...
Package already installed: Seurat 
Package already installed: devtools 
Package already installed: dplyr 
Package already installed: ggplot2 

Installing Bioconductor packages...
Package already installed: DESeq2 
Package already installed: NMF 
Package already installed: SingleCellExperiment 
Package already installed: monocle 
Package already installed: pcaMethods 
Package already installed: scmap 
Installing Bioconductor package: velocyto.R 
'getOption("repos")' replaces Bioconductor standard repositories, see
'help("repositories", package = "BiocManager")' for details.
Replacement repositories:
    CRAN: https://cloud.r-project.org/
Bioconductor version 3.21 (BiocManager 1.30.26), R 4.5.1 (2025-06-13)
Installing package(s) 'velocyto.R'
Successfully installed: velocyto.R 
Warning message:
package ‘velocyto.R’ is not available for Bioconductor version '3.21'

A version of this package for your version of R might be available elsewhere,
see the ideas at
https://cran.r-project.org/doc/manuals/r-patched/R-admin.html#Installing-packages 

===========================================
Package installation completed!
You can now run your R scripts in this directory.
