Starting R package installation...
===========================================

Installing CRAN packages...
Package already installed: ClassDiscovery 
Package already installed: dendsort 
Installing CRAN package: squash 
Installing package into ‘/home/runner/work/_temp/Library’
(as ‘lib’ is unspecified)
trying URL 'https://cloud.r-project.org/src/contrib/squash_1.0.9.tar.gz'
Content type 'application/x-gzip' length 23335 bytes (22 KB)
==================================================
downloaded 22 KB

* installing *source* package ‘squash’ ...
** this is package ‘squash’ version ‘1.0.9’
** package ‘squash’ successfully unpacked and MD5 sums checked
** using staged installation
** R
** byte-compile and prepare package for lazy loading
** help
*** installing help indices
** building package indices
** testing if installed package can be loaded from temporary location
** testing if installed package can be loaded from final location
** testing if installed package keeps a record of temporary installation path
* DONE (squash)

The downloaded source packages are in
	‘/tmp/RtmpihqEty/downloaded_packages’
Successfully installed: squash 

===========================================
Package installation completed!
You can now run your R scripts in this directory.
