Starting R package installation...
===========================================

Installing CRAN packages...
Installing CRAN package: darkblue 
Installing package into ‘/home/runner/work/_temp/Library’
(as ‘lib’ is unspecified)
Successfully installed: darkblue 
Package already installed: ggplot2 
Package already installed: ggsci 
Package already installed: tidyverse 
Warning message:
package ‘darkblue’ is not available for this version of R

A version of this package for your version of R might be available elsewhere,
see the ideas at
https://cran.r-project.org/doc/manuals/r-patched/R-admin.html#Installing-packages 

Installing Bioconductor packages...
Package already installed: TCGAbiolinks 
Package already installed: maftools 

===========================================
Package installation completed!
You can now run your R scripts in this directory.
