Starting R package installation...
===========================================

Installing important CRAN dependency packages first...
Package already installed: curl 
Package already installed: httr 
Package already installed: png 
Package already installed: xml2 
Package already installed: rvest 
Installing CRAN package: httr2 
Installing package into ‘/home/runner/work/_temp/Library’
(as ‘lib’ is unspecified)
also installing the dependencies ‘profmem’, ‘bench’, ‘docopt’, ‘jose’, ‘nanonext’, ‘paws.common’

trying URL 'https://cloud.r-project.org/src/contrib/profmem_0.7.0.tar.gz'
trying URL 'https://cloud.r-project.org/src/contrib/bench_1.1.4.tar.gz'
trying URL 'https://cloud.r-project.org/src/contrib/docopt_0.7.2.tar.gz'
trying URL 'https://cloud.r-project.org/src/contrib/jose_1.2.1.tar.gz'
trying URL 'https://cloud.r-project.org/src/contrib/nanonext_1.7.0.tar.gz'
trying URL 'https://cloud.r-project.org/src/contrib/paws.common_0.8.5.tar.gz'
trying URL 'https://cloud.r-project.org/src/contrib/httr2_1.2.1.tar.gz'
* installing *source* package ‘profmem’ ...
** this is package ‘profmem’ version ‘0.7.0’
** package ‘profmem’ successfully unpacked and MD5 sums checked
** using staged installation
** R
** inst
** byte-compile and prepare package for lazy loading
** help
*** installing help indices
** building package indices
** installing vignettes
** testing if installed package can be loaded from temporary location
** testing if installed package can be loaded from final location
** testing if installed package keeps a record of temporary installation path
* DONE (profmem)
* installing *source* package ‘docopt’ ...
** this is package ‘docopt’ version ‘0.7.2’
** package ‘docopt’ successfully unpacked and MD5 sums checked
** using staged installation
** R
** inst
** byte-compile and prepare package for lazy loading
** help
*** installing help indices
** building package indices
** testing if installed package can be loaded from temporary location
** testing if installed package can be loaded from final location
** testing if installed package keeps a record of temporary installation path
* DONE (docopt)
* installing *source* package ‘jose’ ...
** this is package ‘jose’ version ‘1.2.1’
** package ‘jose’ successfully unpacked and MD5 sums checked
** using staged installation
** R
** inst
** byte-compile and prepare package for lazy loading
** help
*** installing help indices
** building package indices
** installing vignettes
** testing if installed package can be loaded from temporary location
** testing if installed package can be loaded from final location
** testing if installed package keeps a record of temporary installation path
* DONE (jose)
* installing *source* package ‘nanonext’ ...
** this is package ‘nanonext’ version ‘1.7.0’
** package ‘nanonext’ successfully unpacked and MD5 sums checked
** using staged installation
Existing 'libmbedtls' >= 2.5.0 not found
Detecting 'cmake'...
/usr/local/bin/cmake
Detecting 'xz'...
/usr/bin/xz
Compiling 'libmbedtls' from source ...
-- The C compiler identification is GNU 13.3.0
-- Detecting C compiler ABI info
-- Detecting C compiler ABI info - done
-- Check for working C compiler: /usr/bin/gcc - skipped
-- Detecting C compile features
-- Detecting C compile features - done
-- Performing Test CMAKE_HAVE_LIBC_PTHREAD
-- Performing Test CMAKE_HAVE_LIBC_PTHREAD - Success
-- Found Threads: TRUE
-- Configuring done (0.2s)
-- Generating done (0.0s)
-- Build files have been written to: /tmp/RtmpvCn1Ho/R.INSTALLd09e25cae490/nanonext/mbedtls-362
[  1%] Building C object library/CMakeFiles/mbedcrypto.dir/aes.c.o
[  2%] Building C object library/CMakeFiles/mbedcrypto.dir/aesni.c.o
[  4%] Building C object library/CMakeFiles/mbedcrypto.dir/aesce.c.o
[  5%] Building C object library/CMakeFiles/mbedcrypto.dir/asn1parse.c.o
[  6%] Building C object library/CMakeFiles/mbedcrypto.dir/asn1write.c.o
[  8%] Building C object library/CMakeFiles/mbedcrypto.dir/base64.c.o
[  9%] Building C object library/CMakeFiles/mbedcrypto.dir/bignum.c.o
[ 10%] Building C object library/CMakeFiles/mbedcrypto.dir/bignum_core.c.o
[ 12%] Building C object library/CMakeFiles/mbedcrypto.dir/block_cipher.c.o
[ 13%] Building C object library/CMakeFiles/mbedcrypto.dir/ccm.c.o
[ 14%] Building C object library/CMakeFiles/mbedcrypto.dir/chacha20.c.o
[ 16%] Building C object library/CMakeFiles/mbedcrypto.dir/chachapoly.c.o
[ 17%] Building C object library/CMakeFiles/mbedcrypto.dir/cipher.c.o
[ 18%] Building C object library/CMakeFiles/mbedcrypto.dir/cipher_wrap.c.o
[ 20%] Building C object library/CMakeFiles/mbedcrypto.dir/constant_time.c.o
[ 21%] Building C object library/CMakeFiles/mbedcrypto.dir/cmac.c.o
[ 22%] Building C object library/CMakeFiles/mbedcrypto.dir/ctr_drbg.c.o
[ 24%] Building C object library/CMakeFiles/mbedcrypto.dir/des.c.o
[ 25%] Building C object library/CMakeFiles/mbedcrypto.dir/dhm.c.o
[ 26%] Building C object library/CMakeFiles/mbedcrypto.dir/ecdh.c.o
[ 28%] Building C object library/CMakeFiles/mbedcrypto.dir/ecdsa.c.o
[ 29%] Building C object library/CMakeFiles/mbedcrypto.dir/ecp.c.o
[ 30%] Building C object library/CMakeFiles/mbedcrypto.dir/ecp_curves.c.o
[ 32%] Building C object library/CMakeFiles/mbedcrypto.dir/entropy.c.o
[ 33%] Building C object library/CMakeFiles/mbedcrypto.dir/entropy_poll.c.o
[ 34%] Building C object library/CMakeFiles/mbedcrypto.dir/error.c.o
[ 36%] Building C object library/CMakeFiles/mbedcrypto.dir/gcm.c.o
[ 37%] Building C object library/CMakeFiles/mbedcrypto.dir/hkdf.c.o
[ 38%] Building C object library/CMakeFiles/mbedcrypto.dir/md.c.o
[ 40%] Building C object library/CMakeFiles/mbedcrypto.dir/md5.c.o
[ 41%] Building C object library/CMakeFiles/mbedcrypto.dir/nist_kw.c.o
[ 42%] Building C object library/CMakeFiles/mbedcrypto.dir/oid.c.o
[ 44%] Building C object library/CMakeFiles/mbedcrypto.dir/padlock.c.o
[ 45%] Building C object library/CMakeFiles/mbedcrypto.dir/pem.c.o
[ 46%] Building C object library/CMakeFiles/mbedcrypto.dir/pk.c.o
[ 48%] Building C object library/CMakeFiles/mbedcrypto.dir/pk_ecc.c.o
[ 49%] Building C object library/CMakeFiles/mbedcrypto.dir/pk_wrap.c.o
[ 50%] Building C object library/CMakeFiles/mbedcrypto.dir/pkcs12.c.o
[ 52%] Building C object library/CMakeFiles/mbedcrypto.dir/pkcs5.c.o
[ 53%] Building C object library/CMakeFiles/mbedcrypto.dir/pkparse.c.o
[ 54%] Building C object library/CMakeFiles/mbedcrypto.dir/pkwrite.c.o
[ 56%] Building C object library/CMakeFiles/mbedcrypto.dir/platform.c.o
[ 57%] Building C object library/CMakeFiles/mbedcrypto.dir/platform_util.c.o
[ 58%] Building C object library/CMakeFiles/mbedcrypto.dir/poly1305.c.o
[ 60%] Building C object library/CMakeFiles/mbedcrypto.dir/rsa.c.o
[ 61%] Building C object library/CMakeFiles/mbedcrypto.dir/rsa_alt_helpers.c.o
[ 62%] Building C object library/CMakeFiles/mbedcrypto.dir/sha1.c.o
[ 64%] Building C object library/CMakeFiles/mbedcrypto.dir/sha256.c.o
[ 65%] Building C object library/CMakeFiles/mbedcrypto.dir/sha512.c.o
[ 66%] Building C object library/CMakeFiles/mbedcrypto.dir/threading.c.o
[ 68%] Building C object library/CMakeFiles/mbedcrypto.dir/timing.c.o
[ 69%] Building C object library/CMakeFiles/mbedcrypto.dir/version.c.o
[ 70%] Building C object library/CMakeFiles/mbedcrypto.dir/version_features.c.o
[ 72%] Linking C static library libmbedcrypto.b
[ 72%] Built target mbedcrypto
[ 73%] Building C object library/CMakeFiles/mbedx509.dir/pkcs7.c.o
[ 74%] Building C object library/CMakeFiles/mbedx509.dir/x509.c.o
[ 76%] Building C object library/CMakeFiles/mbedx509.dir/x509_create.c.o
[ 77%] Building C object library/CMakeFiles/mbedx509.dir/x509_crl.c.o
[ 78%] Building C object library/CMakeFiles/mbedx509.dir/x509_crt.c.o
[ 80%] Building C object library/CMakeFiles/mbedx509.dir/x509_csr.c.o
[ 81%] Building C object library/CMakeFiles/mbedx509.dir/x509write.c.o
[ 82%] Building C object library/CMakeFiles/mbedx509.dir/x509write_crt.c.o
[ 84%] Building C object library/CMakeFiles/mbedx509.dir/x509write_csr.c.o
[ 85%] Linking C static library libmbedx509.b
[ 85%] Built target mbedx509
[ 86%] Building C object library/CMakeFiles/mbedtls.dir/net_sockets.c.o
[ 88%] Building C object library/CMakeFiles/mbedtls.dir/ssl_cache.c.o
[ 89%] Building C object library/CMakeFiles/mbedtls.dir/ssl_ciphersuites.c.o
[ 90%] Building C object library/CMakeFiles/mbedtls.dir/ssl_client.c.o
[ 92%] Building C object library/CMakeFiles/mbedtls.dir/ssl_cookie.c.o
[ 93%] Building C object library/CMakeFiles/mbedtls.dir/ssl_msg.c.o
[ 94%] Building C object library/CMakeFiles/mbedtls.dir/ssl_ticket.c.o
[ 96%] Building C object library/CMakeFiles/mbedtls.dir/ssl_tls.c.o
[ 97%] Building C object library/CMakeFiles/mbedtls.dir/ssl_tls12_client.c.o
[ 98%] Building C object library/CMakeFiles/mbedtls.dir/ssl_tls12_server.c.o
[100%] Linking C static library libmbedtls.b
[100%] Built target mbedtls
Install the project...
-- Install configuration: "Release"
Existing 'libnng' >= 1.9.0 not found
Detecting 'cmake'...
/usr/local/bin/cmake
Detecting 'xz'...
/usr/bin/xz
Compiling 'libnng' from source ...
-- The C compiler identification is GNU 13.3.0
-- Detecting C compiler ABI info
-- Detecting C compiler ABI info - done
-- Check for working C compiler: /usr/bin/gcc - skipped
-- Detecting C compile features
-- Detecting C compile features - done
-- Configuring for NNG version 1.11.0
-- Performing Test NNG_HIDDEN_VISIBILITY
-- Performing Test NNG_HIDDEN_VISIBILITY - Success
-- Looking for strlcpy
-- Looking for strlcpy - found
-- Looking for strnlen
-- Looking for strnlen - found
-- Looking for strcasecmp
-- Looking for strcasecmp - found
-- Looking for strncasecmp
-- Looking for strncasecmp - found
-- Performing Test CMAKE_HAVE_LIBC_PTHREAD
-- Performing Test CMAKE_HAVE_LIBC_PTHREAD - Success
-- Found Threads: TRUE
-- Looking for lockf
-- Looking for lockf - found
-- Looking for flock
-- Looking for flock - found
-- Looking for getrandom
-- Looking for getrandom - found
-- Looking for arc4random_buf
-- Looking for arc4random_buf - found
-- Looking for clock_gettime
-- Looking for clock_gettime - found
-- Looking for sem_wait in pthread
-- Looking for sem_wait in pthread - found
-- Looking for pthread_atfork in pthread
-- Looking for pthread_atfork in pthread - found
-- Looking for pthread_set_name_np in pthread
-- Looking for pthread_set_name_np in pthread - not found
-- Looking for pthread_setname_np in pthread
-- Looking for pthread_setname_np in pthread - found
-- Looking for gethostbyname in nsl
-- Looking for gethostbyname in nsl - not found
-- Looking for socket in socket
-- Looking for socket in socket - not found
-- Looking for __atomic_load_1 in atomic
-- Looking for __atomic_load_1 in atomic - found
-- Looking for AF_UNIX
-- Looking for AF_UNIX - found
-- Looking for backtrace_symbols_fd
-- Looking for backtrace_symbols_fd - found
-- Performing Test NNG_HAVE_MSG_CONTROL
-- Performing Test NNG_HAVE_MSG_CONTROL - Success
-- Looking for eventfd
-- Looking for eventfd - found
-- Looking for kqueue
-- Looking for kqueue - not found
-- Looking for port_create
-- Looking for port_create - not found
-- Looking for epoll_create
-- Looking for epoll_create - found
-- Looking for epoll_create1
-- Looking for epoll_create1 - found
-- Looking for getpeereid
-- Looking for getpeereid - not found
-- Looking for SO_PEERCRED
-- Looking for SO_PEERCRED - found
-- Performing Test NNG_HAVE_SOCKPEERCRED
-- Performing Test NNG_HAVE_SOCKPEERCRED - Failed
-- Looking for LOCAL_PEERCRED
-- Looking for LOCAL_PEERCRED - not found
-- Looking for LOCAL_PEERPID
-- Looking for LOCAL_PEERPID - not found
-- Looking for getpeerucred
-- Looking for getpeerucred - not found
-- Looking for atomic_flag_test_and_set
-- Looking for atomic_flag_test_and_set - found
-- Looking for socketpair
-- Looking for socketpair - found
-- Found mbedTLS: /tmp/RtmpvCn1Ho/R.INSTALLd09e25cae490/nanonext/install/lib/libmbedtls.b (found version "3.6.2")
-- Configuring done (1.8s)
-- Generating done (0.0s)
-- Build files have been written to: /tmp/RtmpvCn1Ho/R.INSTALLd09e25cae490/nanonext/nng-111
[  0%] Building C object CMakeFiles/nng.dir/src/nng.c.o
[  2%] Building C object CMakeFiles/nng.dir/src/core/aio.c.o
[  2%] Building C object CMakeFiles/nng.dir/src/core/device.c.o
[  4%] Building C object CMakeFiles/nng.dir/src/core/dialer.c.o
[  4%] Building C object CMakeFiles/nng.dir/src/core/sockfd.c.o
[  6%] Building C object CMakeFiles/nng.dir/src/core/file.c.o
[  8%] Building C object CMakeFiles/nng.dir/src/core/idhash.c.o
[  8%] Building C object CMakeFiles/nng.dir/src/core/init.c.o
[ 10%] Building C object CMakeFiles/nng.dir/src/core/list.c.o
[ 10%] Building C object CMakeFiles/nng.dir/src/core/listener.c.o
[ 12%] Building C object CMakeFiles/nng.dir/src/core/lmq.c.o
[ 12%] Building C object CMakeFiles/nng.dir/src/core/message.c.o
[ 14%] Building C object CMakeFiles/nng.dir/src/core/msgqueue.c.o
[ 16%] Building C object CMakeFiles/nng.dir/src/core/options.c.o
[ 16%] Building C object CMakeFiles/nng.dir/src/core/pollable.c.o
[ 18%] Building C object CMakeFiles/nng.dir/src/core/panic.c.o
[ 18%] Building C object CMakeFiles/nng.dir/src/core/pipe.c.o
[ 20%] Building C object CMakeFiles/nng.dir/src/core/reap.c.o
[ 20%] Building C object CMakeFiles/nng.dir/src/core/socket.c.o
[ 22%] Building C object CMakeFiles/nng.dir/src/core/stats.c.o
[ 24%] Building C object CMakeFiles/nng.dir/src/core/stream.c.o
[ 24%] Building C object CMakeFiles/nng.dir/src/core/strs.c.o
[ 26%] Building C object CMakeFiles/nng.dir/src/core/taskq.c.o
[ 26%] Building C object CMakeFiles/nng.dir/src/core/tcp.c.o
[ 28%] Building C object CMakeFiles/nng.dir/src/core/thread.c.o
[ 28%] Building C object CMakeFiles/nng.dir/src/core/url.c.o
[ 30%] Building C object CMakeFiles/nng.dir/src/platform/posix/posix_alloc.c.o
[ 32%] Building C object CMakeFiles/nng.dir/src/platform/posix/posix_atomic.c.o
[ 32%] Building C object CMakeFiles/nng.dir/src/platform/posix/posix_clock.c.o
[ 34%] Building C object CMakeFiles/nng.dir/src/platform/posix/posix_debug.c.o
[ 34%] Building C object CMakeFiles/nng.dir/src/platform/posix/posix_file.c.o
[ 36%] Building C object CMakeFiles/nng.dir/src/platform/posix/posix_ipcconn.c.o
[ 36%] Building C object CMakeFiles/nng.dir/src/platform/posix/posix_ipcdial.c.o
[ 38%] Building C object CMakeFiles/nng.dir/src/platform/posix/posix_ipclisten.c.o
[ 40%] Building C object CMakeFiles/nng.dir/src/platform/posix/posix_peerid.c.o
[ 40%] Building C object CMakeFiles/nng.dir/src/platform/posix/posix_pipe.c.o
[ 42%] Building C object CMakeFiles/nng.dir/src/platform/posix/posix_resolv_gai.c.o
[ 42%] Building C object CMakeFiles/nng.dir/src/platform/posix/posix_sockaddr.c.o
[ 44%] Building C object CMakeFiles/nng.dir/src/platform/posix/posix_socketpair.c.o
[ 44%] Building C object CMakeFiles/nng.dir/src/platform/posix/posix_sockfd.c.o
[ 46%] Building C object CMakeFiles/nng.dir/src/platform/posix/posix_tcpconn.c.o
[ 48%] Building C object CMakeFiles/nng.dir/src/platform/posix/posix_tcpdial.c.o
[ 48%] Building C object CMakeFiles/nng.dir/src/platform/posix/posix_tcplisten.c.o
[ 50%] Building C object CMakeFiles/nng.dir/src/platform/posix/posix_thread.c.o
[ 50%] Building C object CMakeFiles/nng.dir/src/platform/posix/posix_udp.c.o
[ 52%] Building C object CMakeFiles/nng.dir/src/platform/posix/posix_pollq_epoll.c.o
[ 54%] Building C object CMakeFiles/nng.dir/src/platform/posix/posix_rand_getrandom.c.o
[ 54%] Building C object CMakeFiles/nng.dir/src/sp/protocol/bus0/bus.c.o
[ 56%] Building C object CMakeFiles/nng.dir/src/sp/protocol/pair0/pair.c.o
[ 56%] Building C object CMakeFiles/nng.dir/src/sp/protocol/pair1/pair.c.o
[ 58%] Building C object CMakeFiles/nng.dir/src/sp/protocol/pair1/pair1_poly.c.o
[ 58%] Building C object CMakeFiles/nng.dir/src/sp/protocol/pipeline0/push.c.o
[ 60%] Building C object CMakeFiles/nng.dir/src/sp/protocol/pipeline0/pull.c.o
[ 62%] Building C object CMakeFiles/nng.dir/src/sp/protocol/pubsub0/pub.c.o
[ 62%] Building C object CMakeFiles/nng.dir/src/sp/protocol/pubsub0/sub.c.o
[ 64%] Building C object CMakeFiles/nng.dir/src/sp/protocol/pubsub0/xsub.c.o
[ 64%] Building C object CMakeFiles/nng.dir/src/sp/protocol/reqrep0/req.c.o
[ 66%] Building C object CMakeFiles/nng.dir/src/sp/protocol/reqrep0/xreq.c.o
[ 66%] Building C object CMakeFiles/nng.dir/src/sp/protocol/reqrep0/rep.c.o
[ 68%] Building C object CMakeFiles/nng.dir/src/sp/protocol/reqrep0/xrep.c.o
[ 70%] Building C object CMakeFiles/nng.dir/src/sp/protocol/survey0/survey.c.o
[ 70%] Building C object CMakeFiles/nng.dir/src/sp/protocol/survey0/xsurvey.c.o
[ 72%] Building C object CMakeFiles/nng.dir/src/sp/protocol/survey0/respond.c.o
[ 72%] Building C object CMakeFiles/nng.dir/src/sp/protocol/survey0/xrespond.c.o
[ 74%] Building C object CMakeFiles/nng.dir/src/sp/transport/socket/sockfd.c.o
[ 74%] Building C object CMakeFiles/nng.dir/src/sp/transport/inproc/inproc.c.o
[ 76%] Building C object CMakeFiles/nng.dir/src/sp/transport/ipc/ipc.c.o
[ 78%] Building C object CMakeFiles/nng.dir/src/sp/transport/tcp/tcp.c.o
[ 78%] Building C object CMakeFiles/nng.dir/src/sp/transport/tls/tls.c.o
[ 80%] Building C object CMakeFiles/nng.dir/src/sp/transport/ws/websocket.c.o
[ 80%] Building C object CMakeFiles/nng.dir/src/sp/protocol.c.o
[ 82%] Building C object CMakeFiles/nng.dir/src/sp/transport.c.o
[ 82%] Building C object CMakeFiles/nng.dir/src/supplemental/base64/base64.c.o
[ 84%] Building C object CMakeFiles/nng.dir/src/supplemental/http/http_public.c.o
[ 86%] Building C object CMakeFiles/nng.dir/src/supplemental/http/http_client.c.o
[ 86%] Building C object CMakeFiles/nng.dir/src/supplemental/http/http_chunk.c.o
[ 88%] Building C object CMakeFiles/nng.dir/src/supplemental/http/http_conn.c.o
[ 88%] Building C object CMakeFiles/nng.dir/src/supplemental/http/http_msg.c.o
[ 90%] Building C object CMakeFiles/nng.dir/src/supplemental/http/http_schemes.c.o
[ 90%] Building C object CMakeFiles/nng.dir/src/supplemental/http/http_server.c.o
[ 92%] Building C object CMakeFiles/nng.dir/src/supplemental/sha1/sha1.c.o
[ 94%] Building C object CMakeFiles/nng.dir/src/supplemental/tls/mbedtls/tls.c.o
[ 94%] Building C object CMakeFiles/nng.dir/src/supplemental/tls/tls_common.c.o
[ 96%] Building C object CMakeFiles/nng.dir/src/supplemental/util/options.c.o
[ 96%] Building C object CMakeFiles/nng.dir/src/supplemental/util/platform.c.o
[ 98%] Building C object CMakeFiles/nng.dir/src/supplemental/websocket/websocket.c.o
[100%] Linking C static library libnng.b
[100%] Built target nng
Install the project...
-- Install configuration: "Release"
** libs
using C compiler: ‘gcc (Ubuntu 13.3.0-6ubuntu2~24.04) 13.3.0’
gcc -std=gnu2x -I"/opt/R/4.5.1/lib/R/include" -DNDEBUG   -I/usr/local/include   -I../install/include  -fvisibility=hidden -fpic  -g -O2  -c aio.c -o aio.o
gcc -std=gnu2x -I"/opt/R/4.5.1/lib/R/include" -DNDEBUG   -I/usr/local/include   -I../install/include  -fvisibility=hidden -fpic  -g -O2  -c comms.c -o comms.o
gcc -std=gnu2x -I"/opt/R/4.5.1/lib/R/include" -DNDEBUG   -I/usr/local/include   -I../install/include  -fvisibility=hidden -fpic  -g -O2  -c core.c -o core.o
gcc -std=gnu2x -I"/opt/R/4.5.1/lib/R/include" -DNDEBUG   -I/usr/local/include   -I../install/include  -fvisibility=hidden -fpic  -g -O2  -c init.c -o init.o
gcc -std=gnu2x -I"/opt/R/4.5.1/lib/R/include" -DNDEBUG   -I/usr/local/include   -I../install/include  -fvisibility=hidden -fpic  -g -O2  -c ncurl.c -o ncurl.o
gcc -std=gnu2x -I"/opt/R/4.5.1/lib/R/include" -DNDEBUG   -I/usr/local/include   -I../install/include  -fvisibility=hidden -fpic  -g -O2  -c net.c -o net.o
gcc -std=gnu2x -I"/opt/R/4.5.1/lib/R/include" -DNDEBUG   -I/usr/local/include   -I../install/include  -fvisibility=hidden -fpic  -g -O2  -c proto.c -o proto.o
gcc -std=gnu2x -I"/opt/R/4.5.1/lib/R/include" -DNDEBUG   -I/usr/local/include   -I../install/include  -fvisibility=hidden -fpic  -g -O2  -c sync.c -o sync.o
gcc -std=gnu2x -I"/opt/R/4.5.1/lib/R/include" -DNDEBUG   -I/usr/local/include   -I../install/include  -fvisibility=hidden -fpic  -g -O2  -c thread.c -o thread.o
gcc -std=gnu2x -I"/opt/R/4.5.1/lib/R/include" -DNDEBUG   -I/usr/local/include   -I../install/include  -fvisibility=hidden -fpic  -g -O2  -c tls.c -o tls.o
gcc -std=gnu2x -I"/opt/R/4.5.1/lib/R/include" -DNDEBUG   -I/usr/local/include   -I../install/include  -fvisibility=hidden -fpic  -g -O2  -c utils.c -o utils.o
gcc -std=gnu2x -shared -L/opt/R/4.5.1/lib/R/lib -L/usr/local/lib -o nanonext.so aio.o comms.o core.o init.o ncurl.o net.o proto.o sync.o thread.o tls.o utils.o ../install/lib/libnng.b ../install/lib/libmbedtls.b ../install/lib/libmbedx509.b ../install/lib/libmbedcrypto.b -L/opt/R/4.5.1/lib/R/lib -lR
installing to /home/runner/work/_temp/Library/00LOCK-nanonext/00new/nanonext/libs
** R
** inst
** byte-compile and prepare package for lazy loading
** help
*** installing help indices
*** copying figures
** building package indices
** installing vignettes
** testing if installed package can be loaded from temporary location
** checking absolute paths in shared objects and dynamic libraries
** testing if installed package can be loaded from final location
** testing if installed package keeps a record of temporary installation path
* DONE (nanonext)
* installing *source* package ‘httr2’ ...
** this is package ‘httr2’ version ‘1.2.1’
** package ‘httr2’ successfully unpacked and MD5 sums checked
** using staged installation
** R
** inst
** byte-compile and prepare package for lazy loading
** help
*** installing help indices
*** copying figures
** building package indices
** installing vignettes
** testing if installed package can be loaded from temporary location
** testing if installed package can be loaded from final location
** testing if installed package keeps a record of temporary installation path
* DONE (httr2)
* installing *source* package ‘bench’ ...
** this is package ‘bench’ version ‘1.1.4’
** package ‘bench’ successfully unpacked and MD5 sums checked
** using staged installation
** libs
using C compiler: ‘gcc (Ubuntu 13.3.0-6ubuntu2~24.04) 13.3.0’
gcc -std=gnu2x -I"/opt/R/4.5.1/lib/R/include" -DNDEBUG   -I/usr/local/include    -fpic  -g -O2  -c load.c -o load.o
gcc -std=gnu2x -I"/opt/R/4.5.1/lib/R/include" -DNDEBUG   -I/usr/local/include    -fpic  -g -O2  -c mark.c -o mark.o
gcc -std=gnu2x -I"/opt/R/4.5.1/lib/R/include" -DNDEBUG   -I/usr/local/include    -fpic  -g -O2  -c nanotime.c -o nanotime.o
gcc -std=gnu2x -I"/opt/R/4.5.1/lib/R/include" -DNDEBUG   -I/usr/local/include    -fpic  -g -O2  -c process_memory.c -o process_memory.o
gcc -std=gnu2x -shared -L/opt/R/4.5.1/lib/R/lib -L/usr/local/lib -o bench.so load.o mark.o nanotime.o process_memory.o -L/opt/R/4.5.1/lib/R/lib -lR
installing to /home/runner/work/_temp/Library/00LOCK-bench/00new/bench/libs
** R
** inst
** byte-compile and prepare package for lazy loading
** help
*** installing help indices
*** copying figures
** building package indices
** testing if installed package can be loaded from temporary location
** checking absolute paths in shared objects and dynamic libraries
** testing if installed package can be loaded from final location
** testing if installed package keeps a record of temporary installation path
* DONE (bench)
* installing *source* package ‘paws.common’ ...
** this is package ‘paws.common’ version ‘0.8.5’
** package ‘paws.common’ successfully unpacked and MD5 sums checked
** using staged installation
** libs
using C++ compiler: ‘g++ (Ubuntu 13.3.0-6ubuntu2~24.04) 13.3.0’
g++ -std=gnu++17 -I"/opt/R/4.5.1/lib/R/include" -DNDEBUG  -I'/home/runner/work/_temp/Library/Rcpp/include' -I/usr/local/include    -fpic  -g -O2   -c RcppExports.cpp -o RcppExports.o
g++ -std=gnu++17 -I"/opt/R/4.5.1/lib/R/include" -DNDEBUG  -I'/home/runner/work/_temp/Library/Rcpp/include' -I/usr/local/include    -fpic  -g -O2   -c encoding.cpp -o encoding.o
g++ -std=gnu++17 -I"/opt/R/4.5.1/lib/R/include" -DNDEBUG  -I'/home/runner/work/_temp/Library/Rcpp/include' -I/usr/local/include    -fpic  -g -O2   -c fstring.cpp -o fstring.o
g++ -std=gnu++17 -I"/opt/R/4.5.1/lib/R/include" -DNDEBUG  -I'/home/runner/work/_temp/Library/Rcpp/include' -I/usr/local/include    -fpic  -g -O2   -c ini_utils.cpp -o ini_utils.o
g++ -std=gnu++17 -I"/opt/R/4.5.1/lib/R/include" -DNDEBUG  -I'/home/runner/work/_temp/Library/Rcpp/include' -I/usr/local/include    -fpic  -g -O2   -c json_escape.cpp -o json_escape.o
g++ -std=gnu++17 -I"/opt/R/4.5.1/lib/R/include" -DNDEBUG  -I'/home/runner/work/_temp/Library/Rcpp/include' -I/usr/local/include    -fpic  -g -O2   -c resolve_endpoint.cpp -o resolve_endpoint.o
g++ -std=gnu++17 -I"/opt/R/4.5.1/lib/R/include" -DNDEBUG  -I'/home/runner/work/_temp/Library/Rcpp/include' -I/usr/local/include    -fpic  -g -O2   -c set_partition_name.cpp -o set_partition_name.o
g++ -std=gnu++17 -I"/opt/R/4.5.1/lib/R/include" -DNDEBUG  -I'/home/runner/work/_temp/Library/Rcpp/include' -I/usr/local/include    -fpic  -g -O2   -c url_parse.cpp -o url_parse.o
g++ -std=gnu++17 -I"/opt/R/4.5.1/lib/R/include" -DNDEBUG  -I'/home/runner/work/_temp/Library/Rcpp/include' -I/usr/local/include    -fpic  -g -O2   -c utils.cpp -o utils.o
g++ -std=gnu++17 -shared -L/opt/R/4.5.1/lib/R/lib -L/usr/local/lib -o paws.common.so RcppExports.o encoding.o fstring.o ini_utils.o json_escape.o resolve_endpoint.o set_partition_name.o url_parse.o utils.o -L/opt/R/4.5.1/lib/R/lib -lR
installing to /home/runner/work/_temp/Library/00LOCK-paws.common/00new/paws.common/libs
** R
** byte-compile and prepare package for lazy loading
** help
*** installing help indices
** building package indices
** testing if installed package can be loaded from temporary location
** checking absolute paths in shared objects and dynamic libraries
** testing if installed package can be loaded from final location
** testing if installed package keeps a record of temporary installation path
* DONE (paws.common)

The downloaded source packages are in
	‘/tmp/Rtmp4uBCmw/downloaded_packages’
Successfully installed: httr2 
Package already installed: jsonlite 

Installing CRAN packages...
Package already installed: corrplot 
Installing CRAN package: devtools 
Installing package into ‘/home/runner/work/_temp/Library’
(as ‘lib’ is unspecified)
also installing the dependencies ‘credentials’, ‘xtable’, ‘sourcetools’, ‘fansi’, ‘gert’, ‘whisker’, ‘shiny’, ‘downlit’, ‘xopen’, ‘crosstalk’, ‘gitcreds’, ‘ini’, ‘xmlparsedata’, ‘whoami’, ‘usethis’, ‘ellipsis’, ‘miniUI’, ‘pkgdown’, ‘rcmdcheck’, ‘rversions’, ‘sessioninfo’, ‘urlchecker’, ‘DT’, ‘foghorn’, ‘gh’, ‘gmailr’, ‘lintr’, ‘mockery’, ‘pingr’, ‘rhub’

trying URL 'https://cloud.r-project.org/src/contrib/credentials_2.0.3.tar.gz'
trying URL 'https://cloud.r-project.org/src/contrib/xtable_1.8-4.tar.gz'
trying URL 'https://cloud.r-project.org/src/contrib/sourcetools_0.1.7-1.tar.gz'
trying URL 'https://cloud.r-project.org/src/contrib/fansi_1.0.6.tar.gz'
trying URL 'https://cloud.r-project.org/src/contrib/gert_2.1.5.tar.gz'
trying URL 'https://cloud.r-project.org/src/contrib/whisker_0.4.1.tar.gz'
trying URL 'https://cloud.r-project.org/src/contrib/shiny_1.11.1.tar.gz'
trying URL 'https://cloud.r-project.org/src/contrib/downlit_0.4.4.tar.gz'
trying URL 'https://cloud.r-project.org/src/contrib/xopen_1.0.1.tar.gz'
trying URL 'https://cloud.r-project.org/src/contrib/crosstalk_1.2.2.tar.gz'
trying URL 'https://cloud.r-project.org/src/contrib/gitcreds_0.1.2.tar.gz'
trying URL 'https://cloud.r-project.org/src/contrib/ini_0.3.1.tar.gz'
trying URL 'https://cloud.r-project.org/src/contrib/xmlparsedata_1.0.5.tar.gz'
trying URL 'https://cloud.r-project.org/src/contrib/whoami_1.3.0.tar.gz'
trying URL 'https://cloud.r-project.org/src/contrib/usethis_3.2.1.tar.gz'
trying URL 'https://cloud.r-project.org/src/contrib/ellipsis_0.3.2.tar.gz'
trying URL 'https://cloud.r-project.org/src/contrib/miniUI_0.1.2.tar.gz'
trying URL 'https://cloud.r-project.org/src/contrib/pkgdown_2.1.3.tar.gz'
trying URL 'https://cloud.r-project.org/src/contrib/rcmdcheck_1.4.0.tar.gz'
trying URL 'https://cloud.r-project.org/src/contrib/rversions_2.1.2.tar.gz'
trying URL 'https://cloud.r-project.org/src/contrib/sessioninfo_1.2.3.tar.gz'
trying URL 'https://cloud.r-project.org/src/contrib/urlchecker_1.0.1.tar.gz'
trying URL 'https://cloud.r-project.org/src/contrib/DT_0.34.0.tar.gz'
trying URL 'https://cloud.r-project.org/src/contrib/foghorn_1.6.1.tar.gz'
trying URL 'https://cloud.r-project.org/src/contrib/gh_1.5.0.tar.gz'
trying URL 'https://cloud.r-project.org/src/contrib/gmailr_2.0.0.tar.gz'
trying URL 'https://cloud.r-project.org/src/contrib/lintr_3.2.0.tar.gz'
trying URL 'https://cloud.r-project.org/src/contrib/mockery_0.4.5.tar.gz'
trying URL 'https://cloud.r-project.org/src/contrib/pingr_2.0.5.tar.gz'
trying URL 'https://cloud.r-project.org/src/contrib/rhub_2.0.1.tar.gz'
trying URL 'https://cloud.r-project.org/src/contrib/devtools_2.4.5.tar.gz'
* installing *source* package ‘credentials’ ...
** this is package ‘credentials’ version ‘2.0.3’
** package ‘credentials’ successfully unpacked and MD5 sums checked
** using staged installation
** R
** inst
** byte-compile and prepare package for lazy loading
** help
*** installing help indices
*** copying figures
** building package indices
** installing vignettes
** testing if installed package can be loaded from temporary location
** testing if installed package can be loaded from final location
** testing if installed package keeps a record of temporary installation path
* DONE (credentials)
* installing *source* package ‘xtable’ ...
** this is package ‘xtable’ version ‘1.8-4’
** package ‘xtable’ successfully unpacked and MD5 sums checked
** using staged installation
** R
** data
** inst
** byte-compile and prepare package for lazy loading
** help
*** installing help indices
** building package indices
** installing vignettes
** testing if installed package can be loaded from temporary location
** testing if installed package can be loaded from final location
** testing if installed package keeps a record of temporary installation path
* DONE (xtable)
* installing *source* package ‘sourcetools’ ...
** this is package ‘sourcetools’ version ‘0.1.7-1’
** package ‘sourcetools’ successfully unpacked and MD5 sums checked
** using staged installation
** libs
using C compiler: ‘gcc (Ubuntu 13.3.0-6ubuntu2~24.04) 13.3.0’
using C++ compiler: ‘g++ (Ubuntu 13.3.0-6ubuntu2~24.04) 13.3.0’
g++ -std=gnu++17 -I"/opt/R/4.5.1/lib/R/include" -DNDEBUG -I../inst/include  -I/usr/local/include    -fpic  -g -O2   -c Reader.cpp -o Reader.o
g++ -std=gnu++17 -I"/opt/R/4.5.1/lib/R/include" -DNDEBUG -I../inst/include  -I/usr/local/include    -fpic  -g -O2   -c Tokenizer.cpp -o Tokenizer.o
gcc -std=gnu2x -I"/opt/R/4.5.1/lib/R/include" -DNDEBUG -I../inst/include  -I/usr/local/include    -fpic  -g -O2  -c sourcetools-init.c -o sourcetools-init.o
g++ -std=gnu++17 -shared -L/opt/R/4.5.1/lib/R/lib -L/usr/local/lib -o sourcetools.so Reader.o Tokenizer.o sourcetools-init.o -L/opt/R/4.5.1/lib/R/lib -lR
installing to /home/runner/work/_temp/Library/00LOCK-sourcetools/00new/sourcetools/libs
** R
** inst
** byte-compile and prepare package for lazy loading
** help
*** installing help indices
** building package indices
** testing if installed package can be loaded from temporary location
** checking absolute paths in shared objects and dynamic libraries
** testing if installed package can be loaded from final location
** testing if installed package keeps a record of temporary installation path
* DONE (sourcetools)
* installing *source* package ‘fansi’ ...
** this is package ‘fansi’ version ‘1.0.6’
** package ‘fansi’ successfully unpacked and MD5 sums checked
** using staged installation
** libs
using C compiler: ‘gcc (Ubuntu 13.3.0-6ubuntu2~24.04) 13.3.0’
gcc -std=gnu2x -I"/opt/R/4.5.1/lib/R/include" -DNDEBUG   -I/usr/local/include   -fvisibility=hidden -fpic  -g -O2  -c assumptions.c -o assumptions.o
gcc -std=gnu2x -I"/opt/R/4.5.1/lib/R/include" -DNDEBUG   -I/usr/local/include   -fvisibility=hidden -fpic  -g -O2  -c carry.c -o carry.o
gcc -std=gnu2x -I"/opt/R/4.5.1/lib/R/include" -DNDEBUG   -I/usr/local/include   -fvisibility=hidden -fpic  -g -O2  -c has.c -o has.o
gcc -std=gnu2x -I"/opt/R/4.5.1/lib/R/include" -DNDEBUG   -I/usr/local/include   -fvisibility=hidden -fpic  -g -O2  -c init.c -o init.o
gcc -std=gnu2x -I"/opt/R/4.5.1/lib/R/include" -DNDEBUG   -I/usr/local/include   -fvisibility=hidden -fpic  -g -O2  -c nchar.c -o nchar.o
gcc -std=gnu2x -I"/opt/R/4.5.1/lib/R/include" -DNDEBUG   -I/usr/local/include   -fvisibility=hidden -fpic  -g -O2  -c normalize.c -o normalize.o
gcc -std=gnu2x -I"/opt/R/4.5.1/lib/R/include" -DNDEBUG   -I/usr/local/include   -fvisibility=hidden -fpic  -g -O2  -c read.c -o read.o
gcc -std=gnu2x -I"/opt/R/4.5.1/lib/R/include" -DNDEBUG   -I/usr/local/include   -fvisibility=hidden -fpic  -g -O2  -c rnchar.c -o rnchar.o
gcc -std=gnu2x -I"/opt/R/4.5.1/lib/R/include" -DNDEBUG   -I/usr/local/include   -fvisibility=hidden -fpic  -g -O2  -c state.c -o state.o
gcc -std=gnu2x -I"/opt/R/4.5.1/lib/R/include" -DNDEBUG   -I/usr/local/include   -fvisibility=hidden -fpic  -g -O2  -c strip.c -o strip.o
gcc -std=gnu2x -I"/opt/R/4.5.1/lib/R/include" -DNDEBUG   -I/usr/local/include   -fvisibility=hidden -fpic  -g -O2  -c substr.c -o substr.o
gcc -std=gnu2x -I"/opt/R/4.5.1/lib/R/include" -DNDEBUG   -I/usr/local/include   -fvisibility=hidden -fpic  -g -O2  -c tabs.c -o tabs.o
gcc -std=gnu2x -I"/opt/R/4.5.1/lib/R/include" -DNDEBUG   -I/usr/local/include   -fvisibility=hidden -fpic  -g -O2  -c tohtml.c -o tohtml.o
gcc -std=gnu2x -I"/opt/R/4.5.1/lib/R/include" -DNDEBUG   -I/usr/local/include   -fvisibility=hidden -fpic  -g -O2  -c trimws.c -o trimws.o
gcc -std=gnu2x -I"/opt/R/4.5.1/lib/R/include" -DNDEBUG   -I/usr/local/include   -fvisibility=hidden -fpic  -g -O2  -c unhandled.c -o unhandled.o
gcc -std=gnu2x -I"/opt/R/4.5.1/lib/R/include" -DNDEBUG   -I/usr/local/include   -fvisibility=hidden -fpic  -g -O2  -c utf8.c -o utf8.o
gcc -std=gnu2x -I"/opt/R/4.5.1/lib/R/include" -DNDEBUG   -I/usr/local/include   -fvisibility=hidden -fpic  -g -O2  -c utils.c -o utils.o
gcc -std=gnu2x -I"/opt/R/4.5.1/lib/R/include" -DNDEBUG   -I/usr/local/include   -fvisibility=hidden -fpic  -g -O2  -c wrap.c -o wrap.o
gcc -std=gnu2x -I"/opt/R/4.5.1/lib/R/include" -DNDEBUG   -I/usr/local/include   -fvisibility=hidden -fpic  -g -O2  -c write.c -o write.o
gcc -std=gnu2x -shared -L/opt/R/4.5.1/lib/R/lib -L/usr/local/lib -o fansi.so assumptions.o carry.o has.o init.o nchar.o normalize.o read.o rnchar.o state.o strip.o substr.o tabs.o tohtml.o trimws.o unhandled.o utf8.o utils.o wrap.o write.o -L/opt/R/4.5.1/lib/R/lib -lR
installing to /home/runner/work/_temp/Library/00LOCK-fansi/00new/fansi/libs
** R
** inst
** byte-compile and prepare package for lazy loading
** help
*** installing help indices
** building package indices
** installing vignettes
** testing if installed package can be loaded from temporary location
** checking absolute paths in shared objects and dynamic libraries
** testing if installed package can be loaded from final location
** testing if installed package keeps a record of temporary installation path
* DONE (fansi)
* installing *source* package ‘whisker’ ...
** this is package ‘whisker’ version ‘0.4.1’
** package ‘whisker’ successfully unpacked and MD5 sums checked
** using staged installation
** R
** inst
** byte-compile and prepare package for lazy loading
** help
*** installing help indices
** building package indices
** testing if installed package can be loaded from temporary location
** testing if installed package can be loaded from final location
** testing if installed package keeps a record of temporary installation path
* DONE (whisker)
* installing *source* package ‘xopen’ ...
** this is package ‘xopen’ version ‘1.0.1’
** package ‘xopen’ successfully unpacked and MD5 sums checked
** using staged installation
** R
** inst
** byte-compile and prepare package for lazy loading
** help
*** installing help indices
** building package indices
** testing if installed package can be loaded from temporary location
** testing if installed package can be loaded from final location
** testing if installed package keeps a record of temporary installation path
* DONE (xopen)
* installing *source* package ‘crosstalk’ ...
** this is package ‘crosstalk’ version ‘1.2.2’
** package ‘crosstalk’ successfully unpacked and MD5 sums checked
** using staged installation
** R
** inst
** byte-compile and prepare package for lazy loading
** help
*** installing help indices
** building package indices
** testing if installed package can be loaded from temporary location
** testing if installed package can be loaded from final location
** testing if installed package keeps a record of temporary installation path
* DONE (crosstalk)
* installing *source* package ‘gitcreds’ ...
** this is package ‘gitcreds’ version ‘0.1.2’
** package ‘gitcreds’ successfully unpacked and MD5 sums checked
** using staged installation
** R
** inst
** byte-compile and prepare package for lazy loading
** help
*** installing help indices
** building package indices
** installing vignettes
** testing if installed package can be loaded from temporary location
** testing if installed package can be loaded from final location
** testing if installed package keeps a record of temporary installation path
* DONE (gitcreds)
* installing *source* package ‘ini’ ...
** this is package ‘ini’ version ‘0.3.1’
** package ‘ini’ successfully unpacked and MD5 sums checked
** using staged installation
** R
** byte-compile and prepare package for lazy loading
** help
*** installing help indices
** building package indices
** testing if installed package can be loaded from temporary location
** testing if installed package can be loaded from final location
** testing if installed package keeps a record of temporary installation path
* DONE (ini)
* installing *source* package ‘xmlparsedata’ ...
** this is package ‘xmlparsedata’ version ‘1.0.5’
** package ‘xmlparsedata’ successfully unpacked and MD5 sums checked
** using staged installation
** R
** byte-compile and prepare package for lazy loading
** help
*** installing help indices
** building package indices
** testing if installed package can be loaded from temporary location
** testing if installed package can be loaded from final location
** testing if installed package keeps a record of temporary installation path
* DONE (xmlparsedata)
* installing *source* package ‘whoami’ ...
** this is package ‘whoami’ version ‘1.3.0’
** package ‘whoami’ successfully unpacked and MD5 sums checked
** using staged installation
** R
** inst
** byte-compile and prepare package for lazy loading
** help
*** installing help indices
** building package indices
** testing if installed package can be loaded from temporary location
** testing if installed package can be loaded from final location
** testing if installed package keeps a record of temporary installation path
* DONE (whoami)
* installing *source* package ‘ellipsis’ ...
** this is package ‘ellipsis’ version ‘0.3.2’
** package ‘ellipsis’ successfully unpacked and MD5 sums checked
** using staged installation
** libs
using C compiler: ‘gcc (Ubuntu 13.3.0-6ubuntu2~24.04) 13.3.0’
gcc -std=gnu2x -I"/opt/R/4.5.1/lib/R/include" -DNDEBUG   -I/usr/local/include    -fpic  -g -O2  -c dots.c -o dots.o
gcc -std=gnu2x -I"/opt/R/4.5.1/lib/R/include" -DNDEBUG   -I/usr/local/include    -fpic  -g -O2  -c init.c -o init.o
gcc -std=gnu2x -shared -L/opt/R/4.5.1/lib/R/lib -L/usr/local/lib -o ellipsis.so dots.o init.o -L/opt/R/4.5.1/lib/R/lib -lR
installing to /home/runner/work/_temp/Library/00LOCK-ellipsis/00new/ellipsis/libs
** R
** byte-compile and prepare package for lazy loading
** help
*** installing help indices
** building package indices
** testing if installed package can be loaded from temporary location
** checking absolute paths in shared objects and dynamic libraries
** testing if installed package can be loaded from final location
** testing if installed package keeps a record of temporary installation path
* DONE (ellipsis)
* installing *source* package ‘rversions’ ...
** this is package ‘rversions’ version ‘2.1.2’
** package ‘rversions’ successfully unpacked and MD5 sums checked
** using staged installation
** R
** byte-compile and prepare package for lazy loading
** help
*** installing help indices
*** copying figures
** building package indices
** testing if installed package can be loaded from temporary location
** testing if installed package can be loaded from final location
** testing if installed package keeps a record of temporary installation path
* DONE (rversions)
* installing *source* package ‘sessioninfo’ ...
** this is package ‘sessioninfo’ version ‘1.2.3’
** package ‘sessioninfo’ successfully unpacked and MD5 sums checked
** using staged installation
** R
** byte-compile and prepare package for lazy loading
** help
*** installing help indices
*** copying figures
** building package indices
** testing if installed package can be loaded from temporary location
** testing if installed package can be loaded from final location
** testing if installed package keeps a record of temporary installation path
* DONE (sessioninfo)
* installing *source* package ‘urlchecker’ ...
** this is package ‘urlchecker’ version ‘1.0.1’
** package ‘urlchecker’ successfully unpacked and MD5 sums checked
** using staged installation
** R
** inst
** byte-compile and prepare package for lazy loading
** help
*** installing help indices
** building package indices
** testing if installed package can be loaded from temporary location
** testing if installed package can be loaded from final location
** testing if installed package keeps a record of temporary installation path
* DONE (urlchecker)
* installing *source* package ‘foghorn’ ...
** this is package ‘foghorn’ version ‘1.6.1’
** package ‘foghorn’ successfully unpacked and MD5 sums checked
** using staged installation
** R
** inst
** byte-compile and prepare package for lazy loading
** help
*** installing help indices
*** copying figures
** building package indices
** installing vignettes
** testing if installed package can be loaded from temporary location
** testing if installed package can be loaded from final location
** testing if installed package keeps a record of temporary installation path
* DONE (foghorn)
* installing *source* package ‘gmailr’ ...
** this is package ‘gmailr’ version ‘2.0.0’
** package ‘gmailr’ successfully unpacked and MD5 sums checked
** using staged installation
** R
** inst
** byte-compile and prepare package for lazy loading
** help
*** installing help indices
*** copying figures
** building package indices
** installing vignettes
** testing if installed package can be loaded from temporary location
** testing if installed package can be loaded from final location
** testing if installed package keeps a record of temporary installation path
* DONE (gmailr)
* installing *source* package ‘mockery’ ...
** this is package ‘mockery’ version ‘0.4.5’
** package ‘mockery’ successfully unpacked and MD5 sums checked
** using staged installation
** R
** inst
** byte-compile and prepare package for lazy loading
** help
*** installing help indices
** building package indices
** installing vignettes
** testing if installed package can be loaded from temporary location
** testing if installed package can be loaded from final location
** testing if installed package keeps a record of temporary installation path
* DONE (mockery)
* installing *source* package ‘pingr’ ...
** this is package ‘pingr’ version ‘2.0.5’
** package ‘pingr’ successfully unpacked and MD5 sums checked
** using staged installation
** libs
using C compiler: ‘gcc (Ubuntu 13.3.0-6ubuntu2~24.04) 13.3.0’
gcc -std=gnu2x -I"/opt/R/4.5.1/lib/R/include" -DNDEBUG   -I/usr/local/include    -fpic  -g -O2  -c dns.c -o dns.o
gcc -std=gnu2x -I"/opt/R/4.5.1/lib/R/include" -DNDEBUG   -I/usr/local/include    -fpic  -g -O2  -c errors.c -o errors.o
gcc -std=gnu2x -I"/opt/R/4.5.1/lib/R/include" -DNDEBUG   -I/usr/local/include    -fpic  -g -O2  -c init.c -o init.o
gcc -std=gnu2x -I"/opt/R/4.5.1/lib/R/include" -DNDEBUG   -I/usr/local/include    -fpic  -g -O2  -c rping.c -o rping.o
gcc -std=gnu2x -shared -L/opt/R/4.5.1/lib/R/lib -L/usr/local/lib -o pingr.so dns.o errors.o init.o rping.o -lresolv -L/opt/R/4.5.1/lib/R/lib -lR
installing to /home/runner/work/_temp/Library/00LOCK-pingr/00new/pingr/libs
** R
** byte-compile and prepare package for lazy loading
** help
*** installing help indices
** building package indices
** testing if installed package can be loaded from temporary location
** checking absolute paths in shared objects and dynamic libraries
** testing if installed package can be loaded from final location
** testing if installed package keeps a record of temporary installation path
* DONE (pingr)
* installing *source* package ‘gert’ ...
** this is package ‘gert’ version ‘2.1.5’
** package ‘gert’ successfully unpacked and MD5 sums checked
** using staged installation
Found OpenSSL3
Using static libgit2 for Linux x86_64
Using PKG_CFLAGS=-I/tmp/RtmpLVX4eq/R.INSTALLe0f6281d3e10/gert/.deps/include -DSTATIC_LIBGIT2
Using PKG_LIBS=-L/tmp/RtmpLVX4eq/R.INSTALLe0f6281d3e10/gert/.deps/lib -lstatgit2 -lrt -lpthread -lstatssh2 -lstatssl -lstatcrypto -ldl
Configuration OK!
** libs
using C compiler: ‘gcc (Ubuntu 13.3.0-6ubuntu2~24.04) 13.3.0’
gcc -std=gnu2x -I"/opt/R/4.5.1/lib/R/include" -DNDEBUG -I/tmp/RtmpLVX4eq/R.INSTALLe0f6281d3e10/gert/.deps/include -DSTATIC_LIBGIT2 -DR_NO_REMAP -DSTRICT_R_HEADERS  -I/usr/local/include   -fvisibility=hidden -fpic  -g -O2  -c branch.c -o branch.o
gcc -std=gnu2x -I"/opt/R/4.5.1/lib/R/include" -DNDEBUG -I/tmp/RtmpLVX4eq/R.INSTALLe0f6281d3e10/gert/.deps/include -DSTATIC_LIBGIT2 -DR_NO_REMAP -DSTRICT_R_HEADERS  -I/usr/local/include   -fvisibility=hidden -fpic  -g -O2  -c clone.c -o clone.o
gcc -std=gnu2x -I"/opt/R/4.5.1/lib/R/include" -DNDEBUG -I/tmp/RtmpLVX4eq/R.INSTALLe0f6281d3e10/gert/.deps/include -DSTATIC_LIBGIT2 -DR_NO_REMAP -DSTRICT_R_HEADERS  -I/usr/local/include   -fvisibility=hidden -fpic  -g -O2  -c commit.c -o commit.o
gcc -std=gnu2x -I"/opt/R/4.5.1/lib/R/include" -DNDEBUG -I/tmp/RtmpLVX4eq/R.INSTALLe0f6281d3e10/gert/.deps/include -DSTATIC_LIBGIT2 -DR_NO_REMAP -DSTRICT_R_HEADERS  -I/usr/local/include   -fvisibility=hidden -fpic  -g -O2  -c config.c -o config.o
gcc -std=gnu2x -I"/opt/R/4.5.1/lib/R/include" -DNDEBUG -I/tmp/RtmpLVX4eq/R.INSTALLe0f6281d3e10/gert/.deps/include -DSTATIC_LIBGIT2 -DR_NO_REMAP -DSTRICT_R_HEADERS  -I/usr/local/include   -fvisibility=hidden -fpic  -g -O2  -c conflicts.c -o conflicts.o
gcc -std=gnu2x -I"/opt/R/4.5.1/lib/R/include" -DNDEBUG -I/tmp/RtmpLVX4eq/R.INSTALLe0f6281d3e10/gert/.deps/include -DSTATIC_LIBGIT2 -DR_NO_REMAP -DSTRICT_R_HEADERS  -I/usr/local/include   -fvisibility=hidden -fpic  -g -O2  -c files.c -o files.o
gcc -std=gnu2x -I"/opt/R/4.5.1/lib/R/include" -DNDEBUG -I/tmp/RtmpLVX4eq/R.INSTALLe0f6281d3e10/gert/.deps/include -DSTATIC_LIBGIT2 -DR_NO_REMAP -DSTRICT_R_HEADERS  -I/usr/local/include   -fvisibility=hidden -fpic  -g -O2  -c ignore.c -o ignore.o
gcc -std=gnu2x -I"/opt/R/4.5.1/lib/R/include" -DNDEBUG -I/tmp/RtmpLVX4eq/R.INSTALLe0f6281d3e10/gert/.deps/include -DSTATIC_LIBGIT2 -DR_NO_REMAP -DSTRICT_R_HEADERS  -I/usr/local/include   -fvisibility=hidden -fpic  -g -O2  -c init.c -o init.o
gcc -std=gnu2x -I"/opt/R/4.5.1/lib/R/include" -DNDEBUG -I/tmp/RtmpLVX4eq/R.INSTALLe0f6281d3e10/gert/.deps/include -DSTATIC_LIBGIT2 -DR_NO_REMAP -DSTRICT_R_HEADERS  -I/usr/local/include   -fvisibility=hidden -fpic  -g -O2  -c merge.c -o merge.o
gcc -std=gnu2x -I"/opt/R/4.5.1/lib/R/include" -DNDEBUG -I/tmp/RtmpLVX4eq/R.INSTALLe0f6281d3e10/gert/.deps/include -DSTATIC_LIBGIT2 -DR_NO_REMAP -DSTRICT_R_HEADERS  -I/usr/local/include   -fvisibility=hidden -fpic  -g -O2  -c rebase.c -o rebase.o
gcc -std=gnu2x -I"/opt/R/4.5.1/lib/R/include" -DNDEBUG -I/tmp/RtmpLVX4eq/R.INSTALLe0f6281d3e10/gert/.deps/include -DSTATIC_LIBGIT2 -DR_NO_REMAP -DSTRICT_R_HEADERS  -I/usr/local/include   -fvisibility=hidden -fpic  -g -O2  -c stash.c -o stash.o
gcc -std=gnu2x -I"/opt/R/4.5.1/lib/R/include" -DNDEBUG -I/tmp/RtmpLVX4eq/R.INSTALLe0f6281d3e10/gert/.deps/include -DSTATIC_LIBGIT2 -DR_NO_REMAP -DSTRICT_R_HEADERS  -I/usr/local/include   -fvisibility=hidden -fpic  -g -O2  -c submodules.c -o submodules.o
gcc -std=gnu2x -I"/opt/R/4.5.1/lib/R/include" -DNDEBUG -I/tmp/RtmpLVX4eq/R.INSTALLe0f6281d3e10/gert/.deps/include -DSTATIC_LIBGIT2 -DR_NO_REMAP -DSTRICT_R_HEADERS  -I/usr/local/include   -fvisibility=hidden -fpic  -g -O2  -c tag.c -o tag.o
gcc -std=gnu2x -I"/opt/R/4.5.1/lib/R/include" -DNDEBUG -I/tmp/RtmpLVX4eq/R.INSTALLe0f6281d3e10/gert/.deps/include -DSTATIC_LIBGIT2 -DR_NO_REMAP -DSTRICT_R_HEADERS  -I/usr/local/include   -fvisibility=hidden -fpic  -g -O2  -c utils.c -o utils.o
gcc -std=gnu2x -I"/opt/R/4.5.1/lib/R/include" -DNDEBUG -I/tmp/RtmpLVX4eq/R.INSTALLe0f6281d3e10/gert/.deps/include -DSTATIC_LIBGIT2 -DR_NO_REMAP -DSTRICT_R_HEADERS  -I/usr/local/include   -fvisibility=hidden -fpic  -g -O2  -c version.c -o version.o
gcc -std=gnu2x -shared -L/opt/R/4.5.1/lib/R/lib -L/usr/local/lib -o gert.so branch.o clone.o commit.o config.o conflicts.o files.o ignore.o init.o merge.o rebase.o stash.o submodules.o tag.o utils.o version.o -L/tmp/RtmpLVX4eq/R.INSTALLe0f6281d3e10/gert/.deps/lib -lstatgit2 -lrt -lpthread -lstatssh2 -lstatssl -lstatcrypto -ldl -L/opt/R/4.5.1/lib/R/lib -lR
installing to /home/runner/work/_temp/Library/00LOCK-gert/00new/gert/libs
** R
** inst
** byte-compile and prepare package for lazy loading
** help
*** installing help indices
*** copying figures
** building package indices
** installing vignettes
** testing if installed package can be loaded from temporary location
** checking absolute paths in shared objects and dynamic libraries
** testing if installed package can be loaded from final location
** testing if installed package keeps a record of temporary installation path
* DONE (gert)
* installing *source* package ‘shiny’ ...
** this is package ‘shiny’ version ‘1.11.1’
** package ‘shiny’ successfully unpacked and MD5 sums checked
** using staged installation
** R
** inst
** byte-compile and prepare package for lazy loading
** help
*** installing help indices
*** copying figures
** building package indices
** testing if installed package can be loaded from temporary location
** testing if installed package can be loaded from final location
** testing if installed package keeps a record of temporary installation path
* DONE (shiny)
* installing *source* package ‘downlit’ ...
** this is package ‘downlit’ version ‘0.4.4’
** package ‘downlit’ successfully unpacked and MD5 sums checked
** using staged installation
** R
** inst
** byte-compile and prepare package for lazy loading
** help
*** installing help indices
** building package indices
** testing if installed package can be loaded from temporary location
** testing if installed package can be loaded from final location
** testing if installed package keeps a record of temporary installation path
* DONE (downlit)
* installing *source* package ‘rcmdcheck’ ...
** this is package ‘rcmdcheck’ version ‘1.4.0’
** package ‘rcmdcheck’ successfully unpacked and MD5 sums checked
** using staged installation
** R
** byte-compile and prepare package for lazy loading
** help
*** installing help indices
** building package indices
** testing if installed package can be loaded from temporary location
** testing if installed package can be loaded from final location
** testing if installed package keeps a record of temporary installation path
* DONE (rcmdcheck)
* installing *source* package ‘DT’ ...
** this is package ‘DT’ version ‘0.34.0’
** package ‘DT’ successfully unpacked and MD5 sums checked
** using staged installation
** R
** inst
** byte-compile and prepare package for lazy loading
** help
*** installing help indices
** building package indices
** installing vignettes
** testing if installed package can be loaded from temporary location
** testing if installed package can be loaded from final location
** testing if installed package keeps a record of temporary installation path
* DONE (DT)
* installing *source* package ‘gh’ ...
** this is package ‘gh’ version ‘1.5.0’
** package ‘gh’ successfully unpacked and MD5 sums checked
** using staged installation
** R
** inst
** byte-compile and prepare package for lazy loading
** help
*** installing help indices
*** copying figures
** building package indices
** installing vignettes
** testing if installed package can be loaded from temporary location
** testing if installed package can be loaded from final location
** testing if installed package keeps a record of temporary installation path
* DONE (gh)
* installing *source* package ‘lintr’ ...
** this is package ‘lintr’ version ‘3.2.0’
** package ‘lintr’ successfully unpacked and MD5 sums checked
** using staged installation
** R
** inst
** byte-compile and prepare package for lazy loading
** help
*** installing help indices
*** copying figures
** building package indices
** installing vignettes
** testing if installed package can be loaded from temporary location
** testing if installed package can be loaded from final location
** testing if installed package keeps a record of temporary installation path
* DONE (lintr)
* installing *source* package ‘usethis’ ...
** this is package ‘usethis’ version ‘3.2.1’
** package ‘usethis’ successfully unpacked and MD5 sums checked
** using staged installation
** R
** inst
** byte-compile and prepare package for lazy loading
** help
*** installing help indices
*** copying figures
** building package indices
** testing if installed package can be loaded from temporary location
** testing if installed package can be loaded from final location
** testing if installed package keeps a record of temporary installation path
* DONE (usethis)
* installing *source* package ‘miniUI’ ...
** this is package ‘miniUI’ version ‘0.1.2’
** package ‘miniUI’ successfully unpacked and MD5 sums checked
** using staged installation
** R
** inst
** byte-compile and prepare package for lazy loading
** help
*** installing help indices
** building package indices
** testing if installed package can be loaded from temporary location
** testing if installed package can be loaded from final location
** testing if installed package keeps a record of temporary installation path
* DONE (miniUI)
* installing *source* package ‘pkgdown’ ...
** this is package ‘pkgdown’ version ‘2.1.3’
** package ‘pkgdown’ successfully unpacked and MD5 sums checked
** using staged installation
** R
** inst
** byte-compile and prepare package for lazy loading
** help
*** installing help indices
*** copying figures
** building package indices
** installing vignettes
** testing if installed package can be loaded from temporary location
** testing if installed package can be loaded from final location
** testing if installed package keeps a record of temporary installation path
* DONE (pkgdown)
* installing *source* package ‘rhub’ ...
** this is package ‘rhub’ version ‘2.0.1’
** package ‘rhub’ successfully unpacked and MD5 sums checked
** using staged installation
** R
** inst
** byte-compile and prepare package for lazy loading
** help
*** installing help indices
*** copying figures
** building package indices
** testing if installed package can be loaded from temporary location
** testing if installed package can be loaded from final location
** testing if installed package keeps a record of temporary installation path
* DONE (rhub)
* installing *source* package ‘devtools’ ...
** this is package ‘devtools’ version ‘2.4.5’
** package ‘devtools’ successfully unpacked and MD5 sums checked
** using staged installation
** R
** inst
** byte-compile and prepare package for lazy loading
** help
*** installing help indices
*** copying figures
** building package indices
** installing vignettes
** testing if installed package can be loaded from temporary location
** testing if installed package can be loaded from final location
** testing if installed package keeps a record of temporary installation path
* DONE (devtools)

The downloaded source packages are in
	‘/tmp/Rtmp4uBCmw/downloaded_packages’
Successfully installed: devtools 
Package already installed: dplyr 
Package already installed: ggplot2 
Package already installed: reshape2 
Package already installed: remotes 

Installing Bioconductor packages...
Installing Bioconductor package: ConsensusClusterPlus 
'getOption("repos")' replaces Bioconductor standard repositories, see
'help("repositories", package = "BiocManager")' for details.
Replacement repositories:
    CRAN: https://cloud.r-project.org/
Bioconductor version 3.21 (BiocManager 1.30.26), R 4.5.1 (2025-06-13)
Installing package(s) 'ConsensusClusterPlus'
also installing the dependency ‘ALL’

trying URL 'https://bioconductor.org//packages/3.21/data/experiment/src/contrib/ALL_1.50.0.tar.gz'
trying URL 'https://bioconductor.org//packages/3.21/bioc/src/contrib/ConsensusClusterPlus_1.72.0.tar.gz'
* installing *source* package ‘ALL’ ...
** this is package ‘ALL’ version ‘1.50.0’
** using staged installation
** R
** data
** inst
** byte-compile and prepare package for lazy loading
** help
*** installing help indices
** building package indices
** installing vignettes
** testing if installed package can be loaded from temporary location
** testing if installed package can be loaded from final location
** testing if installed package keeps a record of temporary installation path
* DONE (ALL)
* installing *source* package ‘ConsensusClusterPlus’ ...
** this is package ‘ConsensusClusterPlus’ version ‘1.72.0’
** using staged installation
** R
** inst
** byte-compile and prepare package for lazy loading
** help
*** installing help indices
** building package indices
** installing vignettes
** testing if installed package can be loaded from temporary location
** testing if installed package can be loaded from final location
** testing if installed package keeps a record of temporary installation path
* DONE (ConsensusClusterPlus)

The downloaded source packages are in
	‘/tmp/Rtmp4uBCmw/downloaded_packages’
Successfully installed: ConsensusClusterPlus 

Installing GitHub packages...
Installing ImmuneSubtypeClassifier from GitHub...
Attempt 1 of 3 
Using bundled GitHub PAT. Please add your own PAT using `gitcreds::gitcreds_set()`
Error on attempt 1 : Failed to install 'unknown package' from GitHub:
  HTTP error 401.
  Bad credentials 
Waiting 10 seconds before next attempt...
Attempt 2 of 3 
Using bundled GitHub PAT. Please add your own PAT using `gitcreds::gitcreds_set()`
Error on attempt 2 : Failed to install 'unknown package' from GitHub:
  HTTP error 401.
  Bad credentials 
Waiting 10 seconds before next attempt...
Attempt 3 of 3 
Using bundled GitHub PAT. Please add your own PAT using `gitcreds::gitcreds_set()`
Error on attempt 3 : Failed to install 'unknown package' from GitHub:
  HTTP error 401.
  Bad credentials 
All attempts failed for ImmuneSubtypeClassifier 
Trying alternative installation methods...
Installing CRAN package: ImmuneSubtypeClassifier 
Installing package into ‘/home/runner/work/_temp/Library’
(as ‘lib’ is unspecified)
Successfully installed: ImmuneSubtypeClassifier 
[1] FALSE
Warning message:
package ‘ImmuneSubtypeClassifier’ is not available for this version of R

A version of this package for your version of R might be available elsewhere,
see the ideas at
https://cran.r-project.org/doc/manuals/r-patched/R-admin.html#Installing-packages 

Checking final installation status...
✓ corrplot is installed
✓ devtools is installed
✓ dplyr is installed
✓ ggplot2 is installed
✓ reshape2 is installed
✓ ConsensusClusterPlus is installed
✗ ImmuneSubtypeClassifier is NOT installed

===========================================
Some packages failed to install. You may need to:
1. Check your internet connection
2. Try running the script again
3. Manually install missing packages
You can now run your R scripts in this directory.
