Starting R package installation...
===========================================

Installing CRAN packages...
Package already installed: RColorBrewer 
Installing CRAN package: conditions 
Installing package into ‘/home/runner/work/_temp/Library’
(as ‘lib’ is unspecified)
Successfully installed: conditions 
Package already installed: dplyr 
Package already installed: stringr 
Warning message:
package ‘conditions’ is not available for this version of R

A version of this package for your version of R might be available elsewhere,
see the ideas at
https://cran.r-project.org/doc/manuals/r-patched/R-admin.html#Installing-packages 

Installing Bioconductor packages...
Installing Bioconductor package: ChIPseeker 
'getOption("repos")' replaces Bioconductor standard repositories, see
'help("repositories", package = "BiocManager")' for details.
Replacement repositories:
    CRAN: https://cloud.r-project.org/
Bioconductor version 3.21 (BiocManager 1.30.26), R 4.5.1 (2025-06-13)
Installing package(s) 'ChIPseeker'
also installing the dependencies ‘GenomicFeatures’, ‘TxDb.Hsapiens.UCSC.hg19.knownGene’

trying URL 'https://bioconductor.org//packages/3.21/bioc/src/contrib/GenomicFeatures_1.60.0.tar.gz'
trying URL 'https://bioconductor.org//packages/3.21/data/annotation/src/contrib/TxDb.Hsapiens.UCSC.hg19.knownGene_3.2.2.tar.gz'
trying URL 'https://bioconductor.org//packages/3.21/bioc/src/contrib/ChIPseeker_1.44.0.tar.gz'
* installing *source* package ‘GenomicFeatures’ ...
** this is package ‘GenomicFeatures’ version ‘1.60.0’
** using staged installation
** R
** inst
** byte-compile and prepare package for lazy loading
** help
*** installing help indices
** building package indices
** installing vignettes
** testing if installed package can be loaded from temporary location
** testing if installed package can be loaded from final location
** testing if installed package keeps a record of temporary installation path
* DONE (GenomicFeatures)
* installing *source* package ‘TxDb.Hsapiens.UCSC.hg19.knownGene’ ...
** this is package ‘TxDb.Hsapiens.UCSC.hg19.knownGene’ version ‘3.2.2’
** using staged installation
** R
** inst
** byte-compile and prepare package for lazy loading
** help
*** installing help indices
** building package indices
** testing if installed package can be loaded from temporary location
** testing if installed package can be loaded from final location
** testing if installed package keeps a record of temporary installation path
* DONE (TxDb.Hsapiens.UCSC.hg19.knownGene)
* installing *source* package ‘ChIPseeker’ ...
** this is package ‘ChIPseeker’ version ‘1.44.0’
** using staged installation
** R
** data
** inst
** byte-compile and prepare package for lazy loading
** help
*** installing help indices
** building package indices
** installing vignettes
** testing if installed package can be loaded from temporary location
** testing if installed package can be loaded from final location
** testing if installed package keeps a record of temporary installation path
* DONE (ChIPseeker)

The downloaded source packages are in
	‘/tmp/RtmpMUZwXA/downloaded_packages’
Successfully installed: ChIPseeker 
Package already installed: ComplexHeatmap 
Installing Bioconductor package: DESeq2 
'getOption("repos")' replaces Bioconductor standard repositories, see
'help("repositories", package = "BiocManager")' for details.
Replacement repositories:
    CRAN: https://cloud.r-project.org/
Bioconductor version 3.21 (BiocManager 1.30.26), R 4.5.1 (2025-06-13)
Installing package(s) 'DESeq2'
trying URL 'https://bioconductor.org//packages/3.21/bioc/src/contrib/DESeq2_1.48.2.tar.gz'
Content type 'application/x-gzip' length 2683636 bytes (2.6 MB)
==================================================
downloaded 2.6 MB

* installing *source* package ‘DESeq2’ ...
** this is package ‘DESeq2’ version ‘1.48.2’
** using staged installation
** libs
using C++ compiler: ‘g++ (Ubuntu 13.3.0-6ubuntu2~24.04) 13.3.0’
g++ -std=gnu++17 -I"/opt/R/4.5.1/lib/R/include" -DNDEBUG  -I'/home/runner/work/_temp/Library/Rcpp/include' -I'/home/runner/work/_temp/Library/RcppArmadillo/include' -I/usr/local/include    -fpic  -g -O2   -c DESeq2.cpp -o DESeq2.o
DESeq2.cpp: In function ‘Rcpp::List fitDispGrid(SEXP, SEXP, SEXP, SEXP, SEXP, SEXP, SEXP, SEXP, SEXP, SEXP, SEXP)’:
DESeq2.cpp:501:19: warning: ‘eT arma::Mat<eT>::max(arma::uword&) const [with eT = double; arma::uword = unsigned int]’ is deprecated: use .index_max() instead [-Wdeprecated-declarations]
  501 |     logpostvec.max(idxmax);
      |     ~~~~~~~~~~~~~~^~~~~~~~
In file included from /home/runner/work/_temp/Library/RcppArmadillo/include/current/armadillo:201,
                 from /home/runner/work/_temp/Library/RcppArmadillo/include/RcppArmadillo/interface/RcppArmadilloForward.h:57,
                 from /home/runner/work/_temp/Library/RcppArmadillo/include/RcppArmadillo.h:32,
                 from DESeq2.cpp:16:
/home/runner/work/_temp/Library/RcppArmadillo/include/current/armadillo_bits/Mat_bones.hpp:545:56: note: declared here
  545 |   [[deprecated("use .index_max() instead")]] inline eT max(uword& index_of_max_val) const;
      |                                                        ^~~
DESeq2.cpp:508:19: warning: ‘eT arma::Mat<eT>::max(arma::uword&) const [with eT = double; arma::uword = unsigned int]’ is deprecated: use .index_max() instead [-Wdeprecated-declarations]
  508 |     logpostvec.max(idxmax);
      |     ~~~~~~~~~~~~~~^~~~~~~~
In file included from /home/runner/work/_temp/Library/RcppArmadillo/include/current/armadillo:692:
/home/runner/work/_temp/Library/RcppArmadillo/include/current/armadillo_bits/Mat_meat.hpp:7850:1: note: declared here
 7850 | Mat<eT>::max(uword& index_of_max_val) const
      | ^~~~~~~
g++ -std=gnu++17 -I"/opt/R/4.5.1/lib/R/include" -DNDEBUG  -I'/home/runner/work/_temp/Library/Rcpp/include' -I'/home/runner/work/_temp/Library/RcppArmadillo/include' -I/usr/local/include    -fpic  -g -O2   -c RcppExports.cpp -o RcppExports.o
g++ -std=gnu++17 -shared -L/opt/R/4.5.1/lib/R/lib -L/usr/local/lib -o DESeq2.so DESeq2.o RcppExports.o -llapack -lblas -lgfortran -lm -lquadmath -L/opt/R/4.5.1/lib/R/lib -lR
installing to /home/runner/work/_temp/Library/00LOCK-DESeq2/00new/DESeq2/libs
** R
** inst
** byte-compile and prepare package for lazy loading
** help
*** installing help indices
** building package indices
** installing vignettes
** testing if installed package can be loaded from temporary location
** checking absolute paths in shared objects and dynamic libraries
** testing if installed package can be loaded from final location
** testing if installed package keeps a record of temporary installation path
* DONE (DESeq2)

The downloaded source packages are in
	‘/tmp/RtmpMUZwXA/downloaded_packages’
Successfully installed: DESeq2 
Package already installed: GenomicFeatures 
Package already installed: circlize 

===========================================
Package installation completed!
You can now run your R scripts in this directory.
