Starting R package installation...
===========================================

Installing CRAN packages...
Package already installed: Hmisc 
Package already installed: rms 
Installing CRAN package: smoothHR 
Installing package into ‘/home/runner/work/_temp/Library’
(as ‘lib’ is unspecified)
trying URL 'https://cloud.r-project.org/src/contrib/smoothHR_1.0.5.tar.gz'
Content type 'application/x-gzip' length 33018 bytes (32 KB)
==================================================
downloaded 32 KB

* installing *source* package ‘smoothHR’ ...
** this is package ‘smoothHR’ version ‘1.0.5’
** package ‘smoothHR’ successfully unpacked and MD5 sums checked
** using staged installation
** R
** data
*** moving datasets to lazyload DB
** inst
** byte-compile and prepare package for lazy loading
** help
*** installing help indices
** building package indices
** testing if installed package can be loaded from temporary location
** testing if installed package can be loaded from final location
** testing if installed package keeps a record of temporary installation path
* DONE (smoothHR)

The downloaded source packages are in
	‘/tmp/Rtmp7QcqDA/downloaded_packages’
Successfully installed: smoothHR 
Package already installed: survival 

===========================================
Package installation completed!
You can now run your R scripts in this directory.
