Starting R package installation...
===========================================

Installing CRAN packages...
Package already installed: ggplot2 
Package already installed: glmnet 
Package already installed: pROC 
Package already installed: rms 
Installing CRAN package: sampling 
Installing package into ‘/home/runner/work/_temp/Library’
(as ‘lib’ is unspecified)
also installing the dependency ‘lpSolve’

trying URL 'https://cloud.r-project.org/src/contrib/lpSolve_5.6.23.tar.gz'
trying URL 'https://cloud.r-project.org/src/contrib/sampling_2.11.tar.gz'
* installing *source* package ‘lpSolve’ ...
** this is package ‘lpSolve’ version ‘5.6.23’
** package ‘lpSolve’ successfully unpacked and MD5 sums checked
** using staged installation
** libs
using C compiler: ‘gcc (Ubuntu 13.3.0-6ubuntu2~24.04) 13.3.0’
gcc -std=gnu2x -I"/opt/R/4.5.1/lib/R/include" -DNDEBUG -I . -DINTEGERTIME -DPARSER_LP -DBUILDING_FOR_R -DYY_NEVER_INTERACTIVE -DUSRDLL -DCLOCKTIME -DRoleIsExternalInvEngine -DINVERSE_ACTIVE=INVERSE_LUSOL -DINLINE=static -DParanoia  -I/usr/local/include    -fpic  -g -O2  -c colamd.c -o colamd.o
gcc -std=gnu2x -I"/opt/R/4.5.1/lib/R/include" -DNDEBUG -I . -DINTEGERTIME -DPARSER_LP -DBUILDING_FOR_R -DYY_NEVER_INTERACTIVE -DUSRDLL -DCLOCKTIME -DRoleIsExternalInvEngine -DINVERSE_ACTIVE=INVERSE_LUSOL -DINLINE=static -DParanoia  -I/usr/local/include    -fpic  -g -O2  -c commonlib.c -o commonlib.o
gcc -std=gnu2x -I"/opt/R/4.5.1/lib/R/include" -DNDEBUG -I . -DINTEGERTIME -DPARSER_LP -DBUILDING_FOR_R -DYY_NEVER_INTERACTIVE -DUSRDLL -DCLOCKTIME -DRoleIsExternalInvEngine -DINVERSE_ACTIVE=INVERSE_LUSOL -DINLINE=static -DParanoia  -I/usr/local/include    -fpic  -g -O2  -c hbio.c -o hbio.o
gcc -std=gnu2x -I"/opt/R/4.5.1/lib/R/include" -DNDEBUG -I . -DINTEGERTIME -DPARSER_LP -DBUILDING_FOR_R -DYY_NEVER_INTERACTIVE -DUSRDLL -DCLOCKTIME -DRoleIsExternalInvEngine -DINVERSE_ACTIVE=INVERSE_LUSOL -DINLINE=static -DParanoia  -I/usr/local/include    -fpic  -g -O2  -c ini.c -o ini.o
gcc -std=gnu2x -I"/opt/R/4.5.1/lib/R/include" -DNDEBUG -I . -DINTEGERTIME -DPARSER_LP -DBUILDING_FOR_R -DYY_NEVER_INTERACTIVE -DUSRDLL -DCLOCKTIME -DRoleIsExternalInvEngine -DINVERSE_ACTIVE=INVERSE_LUSOL -DINLINE=static -DParanoia  -I/usr/local/include    -fpic  -g -O2  -c init.c -o init.o
gcc -std=gnu2x -I"/opt/R/4.5.1/lib/R/include" -DNDEBUG -I . -DINTEGERTIME -DPARSER_LP -DBUILDING_FOR_R -DYY_NEVER_INTERACTIVE -DUSRDLL -DCLOCKTIME -DRoleIsExternalInvEngine -DINVERSE_ACTIVE=INVERSE_LUSOL -DINLINE=static -DParanoia  -I/usr/local/include    -fpic  -g -O2  -c isfixedvar.c -o isfixedvar.o
gcc -std=gnu2x -I"/opt/R/4.5.1/lib/R/include" -DNDEBUG -I . -DINTEGERTIME -DPARSER_LP -DBUILDING_FOR_R -DYY_NEVER_INTERACTIVE -DUSRDLL -DCLOCKTIME -DRoleIsExternalInvEngine -DINVERSE_ACTIVE=INVERSE_LUSOL -DINLINE=static -DParanoia  -I/usr/local/include    -fpic  -g -O2  -c lp_Hash.c -o lp_Hash.o
gcc -std=gnu2x -I"/opt/R/4.5.1/lib/R/include" -DNDEBUG -I . -DINTEGERTIME -DPARSER_LP -DBUILDING_FOR_R -DYY_NEVER_INTERACTIVE -DUSRDLL -DCLOCKTIME -DRoleIsExternalInvEngine -DINVERSE_ACTIVE=INVERSE_LUSOL -DINLINE=static -DParanoia  -I/usr/local/include    -fpic  -g -O2  -c lp_LUSOL.c -o lp_LUSOL.o
gcc -std=gnu2x -I"/opt/R/4.5.1/lib/R/include" -DNDEBUG -I . -DINTEGERTIME -DPARSER_LP -DBUILDING_FOR_R -DYY_NEVER_INTERACTIVE -DUSRDLL -DCLOCKTIME -DRoleIsExternalInvEngine -DINVERSE_ACTIVE=INVERSE_LUSOL -DINLINE=static -DParanoia  -I/usr/local/include    -fpic  -g -O2  -c lp_MDO.c -o lp_MDO.o
gcc -std=gnu2x -I"/opt/R/4.5.1/lib/R/include" -DNDEBUG -I . -DINTEGERTIME -DPARSER_LP -DBUILDING_FOR_R -DYY_NEVER_INTERACTIVE -DUSRDLL -DCLOCKTIME -DRoleIsExternalInvEngine -DINVERSE_ACTIVE=INVERSE_LUSOL -DINLINE=static -DParanoia  -I/usr/local/include    -fpic  -g -O2  -c lp_MPS.c -o lp_MPS.o
gcc -std=gnu2x -I"/opt/R/4.5.1/lib/R/include" -DNDEBUG -I . -DINTEGERTIME -DPARSER_LP -DBUILDING_FOR_R -DYY_NEVER_INTERACTIVE -DUSRDLL -DCLOCKTIME -DRoleIsExternalInvEngine -DINVERSE_ACTIVE=INVERSE_LUSOL -DINLINE=static -DParanoia  -I/usr/local/include    -fpic  -g -O2  -c lp_SOS.c -o lp_SOS.o
gcc -std=gnu2x -I"/opt/R/4.5.1/lib/R/include" -DNDEBUG -I . -DINTEGERTIME -DPARSER_LP -DBUILDING_FOR_R -DYY_NEVER_INTERACTIVE -DUSRDLL -DCLOCKTIME -DRoleIsExternalInvEngine -DINVERSE_ACTIVE=INVERSE_LUSOL -DINLINE=static -DParanoia  -I/usr/local/include    -fpic  -g -O2  -c lp_crash.c -o lp_crash.o
gcc -std=gnu2x -I"/opt/R/4.5.1/lib/R/include" -DNDEBUG -I . -DINTEGERTIME -DPARSER_LP -DBUILDING_FOR_R -DYY_NEVER_INTERACTIVE -DUSRDLL -DCLOCKTIME -DRoleIsExternalInvEngine -DINVERSE_ACTIVE=INVERSE_LUSOL -DINLINE=static -DParanoia  -I/usr/local/include    -fpic  -g -O2  -c lp_lib.c -o lp_lib.o
gcc -std=gnu2x -I"/opt/R/4.5.1/lib/R/include" -DNDEBUG -I . -DINTEGERTIME -DPARSER_LP -DBUILDING_FOR_R -DYY_NEVER_INTERACTIVE -DUSRDLL -DCLOCKTIME -DRoleIsExternalInvEngine -DINVERSE_ACTIVE=INVERSE_LUSOL -DINLINE=static -DParanoia  -I/usr/local/include    -fpic  -g -O2  -c lp_matrix.c -o lp_matrix.o
gcc -std=gnu2x -I"/opt/R/4.5.1/lib/R/include" -DNDEBUG -I . -DINTEGERTIME -DPARSER_LP -DBUILDING_FOR_R -DYY_NEVER_INTERACTIVE -DUSRDLL -DCLOCKTIME -DRoleIsExternalInvEngine -DINVERSE_ACTIVE=INVERSE_LUSOL -DINLINE=static -DParanoia  -I/usr/local/include    -fpic  -g -O2  -c lp_mipbb.c -o lp_mipbb.o
gcc -std=gnu2x -I"/opt/R/4.5.1/lib/R/include" -DNDEBUG -I . -DINTEGERTIME -DPARSER_LP -DBUILDING_FOR_R -DYY_NEVER_INTERACTIVE -DUSRDLL -DCLOCKTIME -DRoleIsExternalInvEngine -DINVERSE_ACTIVE=INVERSE_LUSOL -DINLINE=static -DParanoia  -I/usr/local/include    -fpic  -g -O2  -c lp_params.c -o lp_params.o
gcc -std=gnu2x -I"/opt/R/4.5.1/lib/R/include" -DNDEBUG -I . -DINTEGERTIME -DPARSER_LP -DBUILDING_FOR_R -DYY_NEVER_INTERACTIVE -DUSRDLL -DCLOCKTIME -DRoleIsExternalInvEngine -DINVERSE_ACTIVE=INVERSE_LUSOL -DINLINE=static -DParanoia  -I/usr/local/include    -fpic  -g -O2  -c lp_presolve.c -o lp_presolve.o
gcc -std=gnu2x -I"/opt/R/4.5.1/lib/R/include" -DNDEBUG -I . -DINTEGERTIME -DPARSER_LP -DBUILDING_FOR_R -DYY_NEVER_INTERACTIVE -DUSRDLL -DCLOCKTIME -DRoleIsExternalInvEngine -DINVERSE_ACTIVE=INVERSE_LUSOL -DINLINE=static -DParanoia  -I/usr/local/include    -fpic  -g -O2  -c lp_price.c -o lp_price.o
gcc -std=gnu2x -I"/opt/R/4.5.1/lib/R/include" -DNDEBUG -I . -DINTEGERTIME -DPARSER_LP -DBUILDING_FOR_R -DYY_NEVER_INTERACTIVE -DUSRDLL -DCLOCKTIME -DRoleIsExternalInvEngine -DINVERSE_ACTIVE=INVERSE_LUSOL -DINLINE=static -DParanoia  -I/usr/local/include    -fpic  -g -O2  -c lp_pricePSE.c -o lp_pricePSE.o
gcc -std=gnu2x -I"/opt/R/4.5.1/lib/R/include" -DNDEBUG -I . -DINTEGERTIME -DPARSER_LP -DBUILDING_FOR_R -DYY_NEVER_INTERACTIVE -DUSRDLL -DCLOCKTIME -DRoleIsExternalInvEngine -DINVERSE_ACTIVE=INVERSE_LUSOL -DINLINE=static -DParanoia  -I/usr/local/include    -fpic  -g -O2  -c lp_report.c -o lp_report.o
gcc -std=gnu2x -I"/opt/R/4.5.1/lib/R/include" -DNDEBUG -I . -DINTEGERTIME -DPARSER_LP -DBUILDING_FOR_R -DYY_NEVER_INTERACTIVE -DUSRDLL -DCLOCKTIME -DRoleIsExternalInvEngine -DINVERSE_ACTIVE=INVERSE_LUSOL -DINLINE=static -DParanoia  -I/usr/local/include    -fpic  -g -O2  -c lp_rlp.c -o lp_rlp.o
gcc -std=gnu2x -I"/opt/R/4.5.1/lib/R/include" -DNDEBUG -I . -DINTEGERTIME -DPARSER_LP -DBUILDING_FOR_R -DYY_NEVER_INTERACTIVE -DUSRDLL -DCLOCKTIME -DRoleIsExternalInvEngine -DINVERSE_ACTIVE=INVERSE_LUSOL -DINLINE=static -DParanoia  -I/usr/local/include    -fpic  -g -O2  -c lp_scale.c -o lp_scale.o
gcc -std=gnu2x -I"/opt/R/4.5.1/lib/R/include" -DNDEBUG -I . -DINTEGERTIME -DPARSER_LP -DBUILDING_FOR_R -DYY_NEVER_INTERACTIVE -DUSRDLL -DCLOCKTIME -DRoleIsExternalInvEngine -DINVERSE_ACTIVE=INVERSE_LUSOL -DINLINE=static -DParanoia  -I/usr/local/include    -fpic  -g -O2  -c lp_simplex.c -o lp_simplex.o
gcc -std=gnu2x -I"/opt/R/4.5.1/lib/R/include" -DNDEBUG -I . -DINTEGERTIME -DPARSER_LP -DBUILDING_FOR_R -DYY_NEVER_INTERACTIVE -DUSRDLL -DCLOCKTIME -DRoleIsExternalInvEngine -DINVERSE_ACTIVE=INVERSE_LUSOL -DINLINE=static -DParanoia  -I/usr/local/include    -fpic  -g -O2  -c lp_utils.c -o lp_utils.o
gcc -std=gnu2x -I"/opt/R/4.5.1/lib/R/include" -DNDEBUG -I . -DINTEGERTIME -DPARSER_LP -DBUILDING_FOR_R -DYY_NEVER_INTERACTIVE -DUSRDLL -DCLOCKTIME -DRoleIsExternalInvEngine -DINVERSE_ACTIVE=INVERSE_LUSOL -DINLINE=static -DParanoia  -I/usr/local/include    -fpic  -g -O2  -c lp_wlp.c -o lp_wlp.o
gcc -std=gnu2x -I"/opt/R/4.5.1/lib/R/include" -DNDEBUG -I . -DINTEGERTIME -DPARSER_LP -DBUILDING_FOR_R -DYY_NEVER_INTERACTIVE -DUSRDLL -DCLOCKTIME -DRoleIsExternalInvEngine -DINVERSE_ACTIVE=INVERSE_LUSOL -DINLINE=static -DParanoia  -I/usr/local/include    -fpic  -g -O2  -c lpslink56.c -o lpslink56.o
gcc -std=gnu2x -I"/opt/R/4.5.1/lib/R/include" -DNDEBUG -I . -DINTEGERTIME -DPARSER_LP -DBUILDING_FOR_R -DYY_NEVER_INTERACTIVE -DUSRDLL -DCLOCKTIME -DRoleIsExternalInvEngine -DINVERSE_ACTIVE=INVERSE_LUSOL -DINLINE=static -DParanoia  -I/usr/local/include    -fpic  -g -O2  -c lusol.c -o lusol.o
gcc -std=gnu2x -I"/opt/R/4.5.1/lib/R/include" -DNDEBUG -I . -DINTEGERTIME -DPARSER_LP -DBUILDING_FOR_R -DYY_NEVER_INTERACTIVE -DUSRDLL -DCLOCKTIME -DRoleIsExternalInvEngine -DINVERSE_ACTIVE=INVERSE_LUSOL -DINLINE=static -DParanoia  -I/usr/local/include    -fpic  -g -O2  -c lusolio.c -o lusolio.o
gcc -std=gnu2x -I"/opt/R/4.5.1/lib/R/include" -DNDEBUG -I . -DINTEGERTIME -DPARSER_LP -DBUILDING_FOR_R -DYY_NEVER_INTERACTIVE -DUSRDLL -DCLOCKTIME -DRoleIsExternalInvEngine -DINVERSE_ACTIVE=INVERSE_LUSOL -DINLINE=static -DParanoia  -I/usr/local/include    -fpic  -g -O2  -c mmio.c -o mmio.o
gcc -std=gnu2x -I"/opt/R/4.5.1/lib/R/include" -DNDEBUG -I . -DINTEGERTIME -DPARSER_LP -DBUILDING_FOR_R -DYY_NEVER_INTERACTIVE -DUSRDLL -DCLOCKTIME -DRoleIsExternalInvEngine -DINVERSE_ACTIVE=INVERSE_LUSOL -DINLINE=static -DParanoia  -I/usr/local/include    -fpic  -g -O2  -c myblas.c -o myblas.o
gcc -std=gnu2x -I"/opt/R/4.5.1/lib/R/include" -DNDEBUG -I . -DINTEGERTIME -DPARSER_LP -DBUILDING_FOR_R -DYY_NEVER_INTERACTIVE -DUSRDLL -DCLOCKTIME -DRoleIsExternalInvEngine -DINVERSE_ACTIVE=INVERSE_LUSOL -DINLINE=static -DParanoia  -I/usr/local/include    -fpic  -g -O2  -c sparselib.c -o sparselib.o
gcc -std=gnu2x -I"/opt/R/4.5.1/lib/R/include" -DNDEBUG -I . -DINTEGERTIME -DPARSER_LP -DBUILDING_FOR_R -DYY_NEVER_INTERACTIVE -DUSRDLL -DCLOCKTIME -DRoleIsExternalInvEngine -DINVERSE_ACTIVE=INVERSE_LUSOL -DINLINE=static -DParanoia  -I/usr/local/include    -fpic  -g -O2  -c yacc_read.c -o yacc_read.o
gcc -std=gnu2x -shared -L/opt/R/4.5.1/lib/R/lib -L/usr/local/lib -o lpSolve.so colamd.o commonlib.o hbio.o ini.o init.o isfixedvar.o lp_Hash.o lp_LUSOL.o lp_MDO.o lp_MPS.o lp_SOS.o lp_crash.o lp_lib.o lp_matrix.o lp_mipbb.o lp_params.o lp_presolve.o lp_price.o lp_pricePSE.o lp_report.o lp_rlp.o lp_scale.o lp_simplex.o lp_utils.o lp_wlp.o lpslink56.o lusol.o lusolio.o mmio.o myblas.o sparselib.o yacc_read.o -L/opt/R/4.5.1/lib/R/lib -lR
installing to /home/runner/work/_temp/Library/00LOCK-lpSolve/00new/lpSolve/libs
** R
** byte-compile and prepare package for lazy loading
** help
*** installing help indices
** building package indices
** testing if installed package can be loaded from temporary location
** checking absolute paths in shared objects and dynamic libraries
** testing if installed package can be loaded from final location
** testing if installed package keeps a record of temporary installation path
* DONE (lpSolve)
* installing *source* package ‘sampling’ ...
** this is package ‘sampling’ version ‘2.11’
** package ‘sampling’ successfully unpacked and MD5 sums checked
** using staged installation
** libs
using C compiler: ‘gcc (Ubuntu 13.3.0-6ubuntu2~24.04) 13.3.0’
gcc -std=gnu2x -I"/opt/R/4.5.1/lib/R/include" -DNDEBUG   -I/usr/local/include    -fpic  -g -O2  -c init.c -o init.o
gcc -std=gnu2x -I"/opt/R/4.5.1/lib/R/include" -DNDEBUG   -I/usr/local/include    -fpic  -g -O2  -c str.c -o str.o
gcc -std=gnu2x -shared -L/opt/R/4.5.1/lib/R/lib -L/usr/local/lib -o sampling.so init.o str.o -L/opt/R/4.5.1/lib/R/lib -lR
installing to /home/runner/work/_temp/Library/00LOCK-sampling/00new/sampling/libs
** R
** data
** inst
** byte-compile and prepare package for lazy loading
** help
*** installing help indices
** building package indices
** installing vignettes
** testing if installed package can be loaded from temporary location
** checking absolute paths in shared objects and dynamic libraries
** testing if installed package can be loaded from final location
** testing if installed package keeps a record of temporary installation path
* DONE (sampling)

The downloaded source packages are in
	‘/tmp/RtmpLxfMYK/downloaded_packages’
Successfully installed: sampling 

===========================================
Package installation completed!

Checking installed packages:
✓ ggplot2 is installed
✓ glmnet is installed
✓ pROC is installed
✓ rms is installed
✓ sampling is installed

Note: InformationValue package is NOT needed.
The misClassError() function can be replaced with: mean(pred_result != actual_values)
You can now run your R scripts in this directory.
