Starting R package installation...
===========================================

Installing CRAN packages...
Installing CRAN package: blueviolet 
Installing package into ‘/home/runner/work/_temp/Library’
(as ‘lib’ is unspecified)
Successfully installed: blueviolet 
Installing CRAN package: chocolate4 
Installing package into ‘/home/runner/work/_temp/Library’
(as ‘lib’ is unspecified)
Successfully installed: chocolate4 
Package already installed: ggplot2 
Package already installed: ggrepel 
Package already installed: ggthemes 
Package already installed: gridExtra 
Warning messages:
1: package ‘blueviolet’ is not available for this version of R

A version of this package for your version of R might be available elsewhere,
see the ideas at
https://cran.r-project.org/doc/manuals/r-patched/R-admin.html#Installing-packages 
2: package ‘chocolate4’ is not available for this version of R

A version of this package for your version of R might be available elsewhere,
see the ideas at
https://cran.r-project.org/doc/manuals/r-patched/R-admin.html#Installing-packages 

===========================================
Package installation completed!
You can now run your R scripts in this directory.
