Starting R package installation...
===========================================

Installing CRAN packages...
Package already installed: devtools 
Installing CRAN package: methotrexate 
Installing package into ‘/home/runner/work/_temp/Library’
(as ‘lib’ is unspecified)
Successfully installed: methotrexate 
Installing CRAN package: narciclasine 
Installing package into ‘/home/runner/work/_temp/Library’
(as ‘lib’ is unspecified)
Successfully installed: narciclasine 
Package already installed: tidyverse 
Installing CRAN package: vincristine 
Installing package into ‘/home/runner/work/_temp/Library’
(as ‘lib’ is unspecified)
Successfully installed: vincristine 
Warning messages:
1: package ‘methotrexate’ is not available for this version of R

A version of this package for your version of R might be available elsewhere,
see the ideas at
https://cran.r-project.org/doc/manuals/r-patched/R-admin.html#Installing-packages 
2: package ‘narciclasine’ is not available for this version of R

A version of this package for your version of R might be available elsewhere,
see the ideas at
https://cran.r-project.org/doc/manuals/r-patched/R-admin.html#Installing-packages 
3: package ‘vincristine’ is not available for this version of R

A version of this package for your version of R might be available elsewhere,
see the ideas at
https://cran.r-project.org/doc/manuals/r-patched/R-admin.html#Installing-packages 

Installing Bioconductor packages...
Package already installed: ComplexHeatmap 
Package already installed: circlize 
Package already installed: limma 

===========================================
Package installation completed!
You can now run your R scripts in this directory.
