Starting R package installation...
===========================================

Installing CRAN packages...
Package already installed: RColorBrewer 
Package already installed: ggplot2 
Package already installed: ggridges 
Package already installed: mclust 
Package already installed: reshape2 

Installing Bioconductor packages...
Installing Bioconductor package: slingshot 
'getOption("repos")' replaces Bioconductor standard repositories, see
'help("repositories", package = "BiocManager")' for details.
Replacement repositories:
    CRAN: https://cloud.r-project.org/
Bioconductor version 3.21 (BiocManager 1.30.26), R 4.5.1 (2025-06-13)
Installing package(s) 'slingshot'
also installing the dependencies ‘princurve’, ‘TrajectoryUtils’

trying URL 'https://cloud.r-project.org/src/contrib/princurve_2.1.6.tar.gz'
trying URL 'https://bioconductor.org//packages/3.21/bioc/src/contrib/TrajectoryUtils_1.16.1.tar.gz'
trying URL 'https://bioconductor.org//packages/3.21/bioc/src/contrib/slingshot_2.16.0.tar.gz'
* installing *source* package ‘princurve’ ...
** this is package ‘princurve’ version ‘2.1.6’
** package ‘princurve’ successfully unpacked and MD5 sums checked
** using staged installation
** libs
using C++ compiler: ‘g++ (Ubuntu 13.3.0-6ubuntu2~24.04) 13.3.0’
g++ -std=gnu++17 -I"/opt/R/4.5.1/lib/R/include" -DNDEBUG  -I'/home/runner/work/_temp/Library/Rcpp/include' -I/usr/local/include    -fpic  -g -O2   -c RcppExports.cpp -o RcppExports.o
g++ -std=gnu++17 -I"/opt/R/4.5.1/lib/R/include" -DNDEBUG  -I'/home/runner/work/_temp/Library/Rcpp/include' -I/usr/local/include    -fpic  -g -O2   -c project_to_curve.cpp -o project_to_curve.o
g++ -std=gnu++17 -shared -L/opt/R/4.5.1/lib/R/lib -L/usr/local/lib -o princurve.so RcppExports.o project_to_curve.o -L/opt/R/4.5.1/lib/R/lib -lR
installing to /home/runner/work/_temp/Library/00LOCK-princurve/00new/princurve/libs
** R
** inst
** byte-compile and prepare package for lazy loading
** help
*** installing help indices
*** copying figures
** building package indices
** testing if installed package can be loaded from temporary location
** checking absolute paths in shared objects and dynamic libraries
** testing if installed package can be loaded from final location
** testing if installed package keeps a record of temporary installation path
* DONE (princurve)
* installing *source* package ‘TrajectoryUtils’ ...
** this is package ‘TrajectoryUtils’ version ‘1.16.1’
** using staged installation
** R
** inst
** byte-compile and prepare package for lazy loading
** help
*** installing help indices
** building package indices
** installing vignettes
** testing if installed package can be loaded from temporary location
** testing if installed package can be loaded from final location
** testing if installed package keeps a record of temporary installation path
* DONE (TrajectoryUtils)
* installing *source* package ‘slingshot’ ...
** this is package ‘slingshot’ version ‘2.16.0’
** using staged installation
** R
** data
** inst
** byte-compile and prepare package for lazy loading
in method for ‘slingshot’ with signature ‘data="ClusterExperiment"’: no definition for class “ClusterExperiment”
** help
*** installing help indices
** building package indices
** installing vignettes
** testing if installed package can be loaded from temporary location
** testing if installed package can be loaded from final location
** testing if installed package keeps a record of temporary installation path
* DONE (slingshot)

The downloaded source packages are in
	‘/tmp/RtmpYUjPOg/downloaded_packages’
Successfully installed: slingshot 
Installing Bioconductor package: tradeSeq 
'getOption("repos")' replaces Bioconductor standard repositories, see
'help("repositories", package = "BiocManager")' for details.
Replacement repositories:
    CRAN: https://cloud.r-project.org/
Bioconductor version 3.21 (BiocManager 1.30.26), R 4.5.1 (2025-06-13)
Installing package(s) 'tradeSeq'
trying URL 'https://bioconductor.org//packages/3.21/bioc/src/contrib/tradeSeq_1.22.0.tar.gz'
Content type 'application/x-gzip' length 5414890 bytes (5.2 MB)
==================================================
downloaded 5.2 MB

* installing *source* package ‘tradeSeq’ ...
** this is package ‘tradeSeq’ version ‘1.22.0’
** using staged installation
** R
** data
** inst
** byte-compile and prepare package for lazy loading
** help
*** installing help indices
** building package indices
** installing vignettes
** testing if installed package can be loaded from temporary location
** testing if installed package can be loaded from final location
** testing if installed package keeps a record of temporary installation path
* DONE (tradeSeq)

The downloaded source packages are in
	‘/tmp/RtmpYUjPOg/downloaded_packages’
Successfully installed: tradeSeq 
Package already installed: ComplexHeatmap 
Package already installed: circlize 

===========================================
Package installation completed!
You can now run your R scripts in this directory.

Testing slingshot package...

Attaching package: ‘MatrixGenerics’

The following objects are masked from ‘package:matrixStats’:

    colAlls, colAnyNAs, colAnys, colAvgsPerRowSet, colCollapse,
    colCounts, colCummaxs, colCummins, colCumprods, colCumsums,
    colDiffs, colIQRDiffs, colIQRs, colLogSumExps, colMadDiffs,
    colMads, colMaxs, colMeans2, colMedians, colMins, colOrderStats,
    colProds, colQuantiles, colRanges, colRanks, colSdDiffs, colSds,
    colSums2, colTabulates, colVarDiffs, colVars, colWeightedMads,
    colWeightedMeans, colWeightedMedians, colWeightedSds,
    colWeightedVars, rowAlls, rowAnyNAs, rowAnys, rowAvgsPerColSet,
    rowCollapse, rowCounts, rowCummaxs, rowCummins, rowCumprods,
    rowCumsums, rowDiffs, rowIQRDiffs, rowIQRs, rowLogSumExps,
    rowMadDiffs, rowMads, rowMaxs, rowMeans2, rowMedians, rowMins,
    rowOrderStats, rowProds, rowQuantiles, rowRanges, rowRanks,
    rowSdDiffs, rowSds, rowSums2, rowTabulates, rowVarDiffs, rowVars,
    rowWeightedMads, rowWeightedMeans, rowWeightedMedians,
    rowWeightedSds, rowWeightedVars


Attaching package: ‘generics’

The following objects are masked from ‘package:base’:

    as.difftime, as.factor, as.ordered, intersect, is.element, setdiff,
    setequal, union


Attaching package: ‘BiocGenerics’

The following objects are masked from ‘package:stats’:

    IQR, mad, sd, var, xtabs

The following objects are masked from ‘package:base’:

    anyDuplicated, aperm, append, as.data.frame, basename, cbind,
    colnames, dirname, do.call, duplicated, eval, evalq, Filter, Find,
    get, grep, grepl, is.unsorted, lapply, Map, mapply, match, mget,
    order, paste, pmax, pmax.int, pmin, pmin.int, Position, rank,
    rbind, Reduce, rownames, sapply, saveRDS, table, tapply, unique,
    unsplit, which.max, which.min


Attaching package: ‘S4Vectors’

The following object is masked from ‘package:utils’:

    findMatches

The following objects are masked from ‘package:base’:

    expand.grid, I, unname

Welcome to Bioconductor

    Vignettes contain introductory material; view with
    'browseVignettes()'. To cite Bioconductor, see
    'citation("Biobase")', and for packages 'citation("pkgname")'.


Attaching package: ‘Biobase’

The following object is masked from ‘package:MatrixGenerics’:

    rowMedians

The following objects are masked from ‘package:matrixStats’:

    anyMissing, rowMedians

✅ slingshot package loaded successfully!
